<?xml version="1.0" ?>
<testsuites disabled="0" errors="0" failures="0" tests="205" time="444.1603207588196">
	<testsuite disabled="0" errors="0" failures="0" name="kubernetes-6diisgn1" skipped="41" tests="205" time="444.1603207588196">
		<testcase name="[testhost] testhost: Gathering Facts gather_subset=['all'], gather_timeout=10" time="4.310160">
			<system-out>{
&quot;ansible_facts&quot;: {
&quot;ansible_apparmor&quot;: {
&quot;status&quot;: &quot;disabled&quot;
},
&quot;ansible_architecture&quot;: &quot;x86_64&quot;,
&quot;ansible_bios_date&quot;: &quot;03/14/2014&quot;,
&quot;ansible_bios_version&quot;: &quot;1.00&quot;,
&quot;ansible_cmdline&quot;: {
&quot;BOOT_IMAGE&quot;: &quot;/boot/kernel&quot;,
&quot;console&quot;: &quot;ttyS1&quot;,
&quot;page_poison&quot;: &quot;1&quot;,
&quot;panic&quot;: &quot;1&quot;,
&quot;root&quot;: &quot;/dev/sr0&quot;,
&quot;text&quot;: true,
&quot;vsyscall&quot;: &quot;emulate&quot;
},
&quot;ansible_date_time&quot;: {
&quot;date&quot;: &quot;2020-01-30&quot;,
&quot;day&quot;: &quot;30&quot;,
&quot;epoch&quot;: &quot;1580413185&quot;,
&quot;hour&quot;: &quot;19&quot;,
&quot;iso8601&quot;: &quot;2020-01-30T19:39:45Z&quot;,
&quot;iso8601_basic&quot;: &quot;20200130T193945527460&quot;,
&quot;iso8601_basic_short&quot;: &quot;20200130T193945&quot;,
&quot;iso8601_micro&quot;: &quot;2020-01-30T19:39:45.527632Z&quot;,
&quot;minute&quot;: &quot;39&quot;,
&quot;month&quot;: &quot;01&quot;,
&quot;second&quot;: &quot;45&quot;,
&quot;time&quot;: &quot;19:39:45&quot;,
&quot;tz&quot;: &quot;UTC&quot;,
&quot;tz_offset&quot;: &quot;+0000&quot;,
&quot;weekday&quot;: &quot;Thursday&quot;,
&quot;weekday_number&quot;: &quot;4&quot;,
&quot;weeknumber&quot;: &quot;04&quot;,
&quot;year&quot;: &quot;2020&quot;
},
&quot;ansible_device_links&quot;: {
&quot;ids&quot;: {},
&quot;labels&quot;: {},
&quot;masters&quot;: {},
&quot;uuids&quot;: {}
},
&quot;ansible_devices&quot;: {
&quot;loop0&quot;: {
&quot;holders&quot;: [],
&quot;host&quot;: &quot;&quot;,
&quot;links&quot;: {
&quot;ids&quot;: [],
&quot;labels&quot;: [],
&quot;masters&quot;: [],
&quot;uuids&quot;: []
},
&quot;model&quot;: null,
&quot;partitions&quot;: {},
&quot;removable&quot;: &quot;0&quot;,
&quot;rotational&quot;: &quot;1&quot;,
&quot;sas_address&quot;: null,
&quot;sas_device_handle&quot;: null,
&quot;scheduler_mode&quot;: &quot;mq-deadline&quot;,
&quot;sectors&quot;: &quot;0&quot;,
&quot;sectorsize&quot;: &quot;512&quot;,
&quot;size&quot;: &quot;0.00 Bytes&quot;,
&quot;support_discard&quot;: &quot;0&quot;,
&quot;vendor&quot;: null,
&quot;virtual&quot;: 1
},
&quot;loop1&quot;: {
&quot;holders&quot;: [],
&quot;host&quot;: &quot;&quot;,
&quot;links&quot;: {
&quot;ids&quot;: [],
&quot;labels&quot;: [],
&quot;masters&quot;: [],
&quot;uuids&quot;: []
},
&quot;model&quot;: null,
&quot;partitions&quot;: {},
&quot;removable&quot;: &quot;0&quot;,
&quot;rotational&quot;: &quot;1&quot;,
&quot;sas_address&quot;: null,
&quot;sas_device_handle&quot;: null,
&quot;scheduler_mode&quot;: &quot;mq-deadline&quot;,
&quot;sectors&quot;: &quot;0&quot;,
&quot;sectorsize&quot;: &quot;512&quot;,
&quot;size&quot;: &quot;0.00 Bytes&quot;,
&quot;support_discard&quot;: &quot;0&quot;,
&quot;vendor&quot;: null,
&quot;virtual&quot;: 1
},
&quot;loop2&quot;: {
&quot;holders&quot;: [],
&quot;host&quot;: &quot;&quot;,
&quot;links&quot;: {
&quot;ids&quot;: [],
&quot;labels&quot;: [],
&quot;masters&quot;: [],
&quot;uuids&quot;: []
},
&quot;model&quot;: null,
&quot;partitions&quot;: {},
&quot;removable&quot;: &quot;0&quot;,
&quot;rotational&quot;: &quot;1&quot;,
&quot;sas_address&quot;: null,
&quot;sas_device_handle&quot;: null,
&quot;scheduler_mode&quot;: &quot;mq-deadline&quot;,
&quot;sectors&quot;: &quot;0&quot;,
&quot;sectorsize&quot;: &quot;512&quot;,
&quot;size&quot;: &quot;0.00 Bytes&quot;,
&quot;support_discard&quot;: &quot;0&quot;,
&quot;vendor&quot;: null,
&quot;virtual&quot;: 1
},
&quot;loop3&quot;: {
&quot;holders&quot;: [],
&quot;host&quot;: &quot;&quot;,
&quot;links&quot;: {
&quot;ids&quot;: [],
&quot;labels&quot;: [],
&quot;masters&quot;: [],
&quot;uuids&quot;: []
},
&quot;model&quot;: null,
&quot;partitions&quot;: {},
&quot;removable&quot;: &quot;0&quot;,
&quot;rotational&quot;: &quot;1&quot;,
&quot;sas_address&quot;: null,
&quot;sas_device_handle&quot;: null,
&quot;scheduler_mode&quot;: &quot;mq-deadline&quot;,
&quot;sectors&quot;: &quot;0&quot;,
&quot;sectorsize&quot;: &quot;512&quot;,
&quot;size&quot;: &quot;0.00 Bytes&quot;,
&quot;support_discard&quot;: &quot;0&quot;,
&quot;vendor&quot;: null,
&quot;virtual&quot;: 1
},
&quot;loop4&quot;: {
&quot;holders&quot;: [],
&quot;host&quot;: &quot;&quot;,
&quot;links&quot;: {
&quot;ids&quot;: [],
&quot;labels&quot;: [],
&quot;masters&quot;: [],
&quot;uuids&quot;: []
},
&quot;model&quot;: null,
&quot;partitions&quot;: {},
&quot;removable&quot;: &quot;0&quot;,
&quot;rotational&quot;: &quot;1&quot;,
&quot;sas_address&quot;: null,
&quot;sas_device_handle&quot;: null,
&quot;scheduler_mode&quot;: &quot;mq-deadline&quot;,
&quot;sectors&quot;: &quot;0&quot;,
&quot;sectorsize&quot;: &quot;512&quot;,
&quot;size&quot;: &quot;0.00 Bytes&quot;,
&quot;support_discard&quot;: &quot;0&quot;,
&quot;vendor&quot;: null,
&quot;virtual&quot;: 1
},
&quot;loop5&quot;: {
&quot;holders&quot;: [],
&quot;host&quot;: &quot;&quot;,
&quot;links&quot;: {
&quot;ids&quot;: [],
&quot;labels&quot;: [],
&quot;masters&quot;: [],
&quot;uuids&quot;: []
},
&quot;model&quot;: null,
&quot;partitions&quot;: {},
&quot;removable&quot;: &quot;0&quot;,
&quot;rotational&quot;: &quot;1&quot;,
&quot;sas_address&quot;: null,
&quot;sas_device_handle&quot;: null,
&quot;scheduler_mode&quot;: &quot;mq-deadline&quot;,
&quot;sectors&quot;: &quot;0&quot;,
&quot;sectorsize&quot;: &quot;512&quot;,
&quot;size&quot;: &quot;0.00 Bytes&quot;,
&quot;support_discard&quot;: &quot;0&quot;,
&quot;vendor&quot;: null,
&quot;virtual&quot;: 1
},
&quot;loop6&quot;: {
&quot;holders&quot;: [],
&quot;host&quot;: &quot;&quot;,
&quot;links&quot;: {
&quot;ids&quot;: [],
&quot;labels&quot;: [],
&quot;masters&quot;: [],
&quot;uuids&quot;: []
},
&quot;model&quot;: null,
&quot;partitions&quot;: {},
&quot;removable&quot;: &quot;0&quot;,
&quot;rotational&quot;: &quot;1&quot;,
&quot;sas_address&quot;: null,
&quot;sas_device_handle&quot;: null,
&quot;scheduler_mode&quot;: &quot;mq-deadline&quot;,
&quot;sectors&quot;: &quot;0&quot;,
&quot;sectorsize&quot;: &quot;512&quot;,
&quot;size&quot;: &quot;0.00 Bytes&quot;,
&quot;support_discard&quot;: &quot;0&quot;,
&quot;vendor&quot;: null,
&quot;virtual&quot;: 1
},
&quot;loop7&quot;: {
&quot;holders&quot;: [],
&quot;host&quot;: &quot;&quot;,
&quot;links&quot;: {
&quot;ids&quot;: [],
&quot;labels&quot;: [],
&quot;masters&quot;: [],
&quot;uuids&quot;: []
},
&quot;model&quot;: null,
&quot;partitions&quot;: {},
&quot;removable&quot;: &quot;0&quot;,
&quot;rotational&quot;: &quot;1&quot;,
&quot;sas_address&quot;: null,
&quot;sas_device_handle&quot;: null,
&quot;scheduler_mode&quot;: &quot;mq-deadline&quot;,
&quot;sectors&quot;: &quot;0&quot;,
&quot;sectorsize&quot;: &quot;512&quot;,
&quot;size&quot;: &quot;0.00 Bytes&quot;,
&quot;support_discard&quot;: &quot;0&quot;,
&quot;vendor&quot;: null,
&quot;virtual&quot;: 1
},
&quot;nbd0&quot;: {
&quot;holders&quot;: [],
&quot;host&quot;: &quot;&quot;,
&quot;links&quot;: {
&quot;ids&quot;: [],
&quot;labels&quot;: [],
&quot;masters&quot;: [],
&quot;uuids&quot;: []
},
&quot;model&quot;: null,
&quot;partitions&quot;: {},
&quot;removable&quot;: &quot;0&quot;,
&quot;rotational&quot;: &quot;0&quot;,
&quot;sas_address&quot;: null,
&quot;sas_device_handle&quot;: null,
&quot;scheduler_mode&quot;: &quot;mq-deadline&quot;,
&quot;sectors&quot;: &quot;0&quot;,
&quot;sectorsize&quot;: &quot;512&quot;,
&quot;size&quot;: &quot;0.00 Bytes&quot;,
&quot;support_discard&quot;: &quot;0&quot;,
&quot;vendor&quot;: null,
&quot;virtual&quot;: 1
},
&quot;nbd1&quot;: {
&quot;holders&quot;: [],
&quot;host&quot;: &quot;&quot;,
&quot;links&quot;: {
&quot;ids&quot;: [],
&quot;labels&quot;: [],
&quot;masters&quot;: [],
&quot;uuids&quot;: []
},
&quot;model&quot;: null,
&quot;partitions&quot;: {},
&quot;removable&quot;: &quot;0&quot;,
&quot;rotational&quot;: &quot;0&quot;,
&quot;sas_address&quot;: null,
&quot;sas_device_handle&quot;: null,
&quot;scheduler_mode&quot;: &quot;mq-deadline&quot;,
&quot;sectors&quot;: &quot;0&quot;,
&quot;sectorsize&quot;: &quot;512&quot;,
&quot;size&quot;: &quot;0.00 Bytes&quot;,
&quot;support_discard&quot;: &quot;0&quot;,
&quot;vendor&quot;: null,
&quot;virtual&quot;: 1
},
&quot;nbd10&quot;: {
&quot;holders&quot;: [],
&quot;host&quot;: &quot;&quot;,
&quot;links&quot;: {
&quot;ids&quot;: [],
&quot;labels&quot;: [],
&quot;masters&quot;: [],
&quot;uuids&quot;: []
},
&quot;model&quot;: null,
&quot;partitions&quot;: {},
&quot;removable&quot;: &quot;0&quot;,
&quot;rotational&quot;: &quot;0&quot;,
&quot;sas_address&quot;: null,
&quot;sas_device_handle&quot;: null,
&quot;scheduler_mode&quot;: &quot;mq-deadline&quot;,
&quot;sectors&quot;: &quot;0&quot;,
&quot;sectorsize&quot;: &quot;512&quot;,
&quot;size&quot;: &quot;0.00 Bytes&quot;,
&quot;support_discard&quot;: &quot;0&quot;,
&quot;vendor&quot;: null,
&quot;virtual&quot;: 1
},
&quot;nbd11&quot;: {
&quot;holders&quot;: [],
&quot;host&quot;: &quot;&quot;,
&quot;links&quot;: {
&quot;ids&quot;: [],
&quot;labels&quot;: [],
&quot;masters&quot;: [],
&quot;uuids&quot;: []
},
&quot;model&quot;: null,
&quot;partitions&quot;: {},
&quot;removable&quot;: &quot;0&quot;,
&quot;rotational&quot;: &quot;0&quot;,
&quot;sas_address&quot;: null,
&quot;sas_device_handle&quot;: null,
&quot;scheduler_mode&quot;: &quot;mq-deadline&quot;,
&quot;sectors&quot;: &quot;0&quot;,
&quot;sectorsize&quot;: &quot;512&quot;,
&quot;size&quot;: &quot;0.00 Bytes&quot;,
&quot;support_discard&quot;: &quot;0&quot;,
&quot;vendor&quot;: null,
&quot;virtual&quot;: 1
},
&quot;nbd12&quot;: {
&quot;holders&quot;: [],
&quot;host&quot;: &quot;&quot;,
&quot;links&quot;: {
&quot;ids&quot;: [],
&quot;labels&quot;: [],
&quot;masters&quot;: [],
&quot;uuids&quot;: []
},
&quot;model&quot;: null,
&quot;partitions&quot;: {},
&quot;removable&quot;: &quot;0&quot;,
&quot;rotational&quot;: &quot;0&quot;,
&quot;sas_address&quot;: null,
&quot;sas_device_handle&quot;: null,
&quot;scheduler_mode&quot;: &quot;mq-deadline&quot;,
&quot;sectors&quot;: &quot;0&quot;,
&quot;sectorsize&quot;: &quot;512&quot;,
&quot;size&quot;: &quot;0.00 Bytes&quot;,
&quot;support_discard&quot;: &quot;0&quot;,
&quot;vendor&quot;: null,
&quot;virtual&quot;: 1
},
&quot;nbd13&quot;: {
&quot;holders&quot;: [],
&quot;host&quot;: &quot;&quot;,
&quot;links&quot;: {
&quot;ids&quot;: [],
&quot;labels&quot;: [],
&quot;masters&quot;: [],
&quot;uuids&quot;: []
},
&quot;model&quot;: null,
&quot;partitions&quot;: {},
&quot;removable&quot;: &quot;0&quot;,
&quot;rotational&quot;: &quot;0&quot;,
&quot;sas_address&quot;: null,
&quot;sas_device_handle&quot;: null,
&quot;scheduler_mode&quot;: &quot;mq-deadline&quot;,
&quot;sectors&quot;: &quot;0&quot;,
&quot;sectorsize&quot;: &quot;512&quot;,
&quot;size&quot;: &quot;0.00 Bytes&quot;,
&quot;support_discard&quot;: &quot;0&quot;,
&quot;vendor&quot;: null,
&quot;virtual&quot;: 1
},
&quot;nbd14&quot;: {
&quot;holders&quot;: [],
&quot;host&quot;: &quot;&quot;,
&quot;links&quot;: {
&quot;ids&quot;: [],
&quot;labels&quot;: [],
&quot;masters&quot;: [],
&quot;uuids&quot;: []
},
&quot;model&quot;: null,
&quot;partitions&quot;: {},
&quot;removable&quot;: &quot;0&quot;,
&quot;rotational&quot;: &quot;0&quot;,
&quot;sas_address&quot;: null,
&quot;sas_device_handle&quot;: null,
&quot;scheduler_mode&quot;: &quot;mq-deadline&quot;,
&quot;sectors&quot;: &quot;0&quot;,
&quot;sectorsize&quot;: &quot;512&quot;,
&quot;size&quot;: &quot;0.00 Bytes&quot;,
&quot;support_discard&quot;: &quot;0&quot;,
&quot;vendor&quot;: null,
&quot;virtual&quot;: 1
},
&quot;nbd15&quot;: {
&quot;holders&quot;: [],
&quot;host&quot;: &quot;&quot;,
&quot;links&quot;: {
&quot;ids&quot;: [],
&quot;labels&quot;: [],
&quot;masters&quot;: [],
&quot;uuids&quot;: []
},
&quot;model&quot;: null,
&quot;partitions&quot;: {},
&quot;removable&quot;: &quot;0&quot;,
&quot;rotational&quot;: &quot;0&quot;,
&quot;sas_address&quot;: null,
&quot;sas_device_handle&quot;: null,
&quot;scheduler_mode&quot;: &quot;mq-deadline&quot;,
&quot;sectors&quot;: &quot;0&quot;,
&quot;sectorsize&quot;: &quot;512&quot;,
&quot;size&quot;: &quot;0.00 Bytes&quot;,
&quot;support_discard&quot;: &quot;0&quot;,
&quot;vendor&quot;: null,
&quot;virtual&quot;: 1
},
&quot;nbd2&quot;: {
&quot;holders&quot;: [],
&quot;host&quot;: &quot;&quot;,
&quot;links&quot;: {
&quot;ids&quot;: [],
&quot;labels&quot;: [],
&quot;masters&quot;: [],
&quot;uuids&quot;: []
},
&quot;model&quot;: null,
&quot;partitions&quot;: {},
&quot;removable&quot;: &quot;0&quot;,
&quot;rotational&quot;: &quot;0&quot;,
&quot;sas_address&quot;: null,
&quot;sas_device_handle&quot;: null,
&quot;scheduler_mode&quot;: &quot;mq-deadline&quot;,
&quot;sectors&quot;: &quot;0&quot;,
&quot;sectorsize&quot;: &quot;512&quot;,
&quot;size&quot;: &quot;0.00 Bytes&quot;,
&quot;support_discard&quot;: &quot;0&quot;,
&quot;vendor&quot;: null,
&quot;virtual&quot;: 1
},
&quot;nbd3&quot;: {
&quot;holders&quot;: [],
&quot;host&quot;: &quot;&quot;,
&quot;links&quot;: {
&quot;ids&quot;: [],
&quot;labels&quot;: [],
&quot;masters&quot;: [],
&quot;uuids&quot;: []
},
&quot;model&quot;: null,
&quot;partitions&quot;: {},
&quot;removable&quot;: &quot;0&quot;,
&quot;rotational&quot;: &quot;0&quot;,
&quot;sas_address&quot;: null,
&quot;sas_device_handle&quot;: null,
&quot;scheduler_mode&quot;: &quot;mq-deadline&quot;,
&quot;sectors&quot;: &quot;0&quot;,
&quot;sectorsize&quot;: &quot;512&quot;,
&quot;size&quot;: &quot;0.00 Bytes&quot;,
&quot;support_discard&quot;: &quot;0&quot;,
&quot;vendor&quot;: null,
&quot;virtual&quot;: 1
},
&quot;nbd4&quot;: {
&quot;holders&quot;: [],
&quot;host&quot;: &quot;&quot;,
&quot;links&quot;: {
&quot;ids&quot;: [],
&quot;labels&quot;: [],
&quot;masters&quot;: [],
&quot;uuids&quot;: []
},
&quot;model&quot;: null,
&quot;partitions&quot;: {},
&quot;removable&quot;: &quot;0&quot;,
&quot;rotational&quot;: &quot;0&quot;,
&quot;sas_address&quot;: null,
&quot;sas_device_handle&quot;: null,
&quot;scheduler_mode&quot;: &quot;mq-deadline&quot;,
&quot;sectors&quot;: &quot;0&quot;,
&quot;sectorsize&quot;: &quot;512&quot;,
&quot;size&quot;: &quot;0.00 Bytes&quot;,
&quot;support_discard&quot;: &quot;0&quot;,
&quot;vendor&quot;: null,
&quot;virtual&quot;: 1
},
&quot;nbd5&quot;: {
&quot;holders&quot;: [],
&quot;host&quot;: &quot;&quot;,
&quot;links&quot;: {
&quot;ids&quot;: [],
&quot;labels&quot;: [],
&quot;masters&quot;: [],
&quot;uuids&quot;: []
},
&quot;model&quot;: null,
&quot;partitions&quot;: {},
&quot;removable&quot;: &quot;0&quot;,
&quot;rotational&quot;: &quot;0&quot;,
&quot;sas_address&quot;: null,
&quot;sas_device_handle&quot;: null,
&quot;scheduler_mode&quot;: &quot;mq-deadline&quot;,
&quot;sectors&quot;: &quot;0&quot;,
&quot;sectorsize&quot;: &quot;512&quot;,
&quot;size&quot;: &quot;0.00 Bytes&quot;,
&quot;support_discard&quot;: &quot;0&quot;,
&quot;vendor&quot;: null,
&quot;virtual&quot;: 1
},
&quot;nbd6&quot;: {
&quot;holders&quot;: [],
&quot;host&quot;: &quot;&quot;,
&quot;links&quot;: {
&quot;ids&quot;: [],
&quot;labels&quot;: [],
&quot;masters&quot;: [],
&quot;uuids&quot;: []
},
&quot;model&quot;: null,
&quot;partitions&quot;: {},
&quot;removable&quot;: &quot;0&quot;,
&quot;rotational&quot;: &quot;0&quot;,
&quot;sas_address&quot;: null,
&quot;sas_device_handle&quot;: null,
&quot;scheduler_mode&quot;: &quot;mq-deadline&quot;,
&quot;sectors&quot;: &quot;0&quot;,
&quot;sectorsize&quot;: &quot;512&quot;,
&quot;size&quot;: &quot;0.00 Bytes&quot;,
&quot;support_discard&quot;: &quot;0&quot;,
&quot;vendor&quot;: null,
&quot;virtual&quot;: 1
},
&quot;nbd7&quot;: {
&quot;holders&quot;: [],
&quot;host&quot;: &quot;&quot;,
&quot;links&quot;: {
&quot;ids&quot;: [],
&quot;labels&quot;: [],
&quot;masters&quot;: [],
&quot;uuids&quot;: []
},
&quot;model&quot;: null,
&quot;partitions&quot;: {},
&quot;removable&quot;: &quot;0&quot;,
&quot;rotational&quot;: &quot;0&quot;,
&quot;sas_address&quot;: null,
&quot;sas_device_handle&quot;: null,
&quot;scheduler_mode&quot;: &quot;mq-deadline&quot;,
&quot;sectors&quot;: &quot;0&quot;,
&quot;sectorsize&quot;: &quot;512&quot;,
&quot;size&quot;: &quot;0.00 Bytes&quot;,
&quot;support_discard&quot;: &quot;0&quot;,
&quot;vendor&quot;: null,
&quot;virtual&quot;: 1
},
&quot;nbd8&quot;: {
&quot;holders&quot;: [],
&quot;host&quot;: &quot;&quot;,
&quot;links&quot;: {
&quot;ids&quot;: [],
&quot;labels&quot;: [],
&quot;masters&quot;: [],
&quot;uuids&quot;: []
},
&quot;model&quot;: null,
&quot;partitions&quot;: {},
&quot;removable&quot;: &quot;0&quot;,
&quot;rotational&quot;: &quot;0&quot;,
&quot;sas_address&quot;: null,
&quot;sas_device_handle&quot;: null,
&quot;scheduler_mode&quot;: &quot;mq-deadline&quot;,
&quot;sectors&quot;: &quot;0&quot;,
&quot;sectorsize&quot;: &quot;512&quot;,
&quot;size&quot;: &quot;0.00 Bytes&quot;,
&quot;support_discard&quot;: &quot;0&quot;,
&quot;vendor&quot;: null,
&quot;virtual&quot;: 1
},
&quot;nbd9&quot;: {
&quot;holders&quot;: [],
&quot;host&quot;: &quot;&quot;,
&quot;links&quot;: {
&quot;ids&quot;: [],
&quot;labels&quot;: [],
&quot;masters&quot;: [],
&quot;uuids&quot;: []
},
&quot;model&quot;: null,
&quot;partitions&quot;: {},
&quot;removable&quot;: &quot;0&quot;,
&quot;rotational&quot;: &quot;0&quot;,
&quot;sas_address&quot;: null,
&quot;sas_device_handle&quot;: null,
&quot;scheduler_mode&quot;: &quot;mq-deadline&quot;,
&quot;sectors&quot;: &quot;0&quot;,
&quot;sectorsize&quot;: &quot;512&quot;,
&quot;size&quot;: &quot;0.00 Bytes&quot;,
&quot;support_discard&quot;: &quot;0&quot;,
&quot;vendor&quot;: null,
&quot;virtual&quot;: 1
},
&quot;ram0&quot;: {
&quot;holders&quot;: [],
&quot;host&quot;: &quot;&quot;,
&quot;links&quot;: {
&quot;ids&quot;: [],
&quot;labels&quot;: [],
&quot;masters&quot;: [],
&quot;uuids&quot;: []
},
&quot;model&quot;: null,
&quot;partitions&quot;: {},
&quot;removable&quot;: &quot;0&quot;,
&quot;rotational&quot;: &quot;0&quot;,
&quot;sas_address&quot;: null,
&quot;sas_device_handle&quot;: null,
&quot;scheduler_mode&quot;: &quot;&quot;,
&quot;sectors&quot;: &quot;131072&quot;,
&quot;sectorsize&quot;: &quot;512&quot;,
&quot;size&quot;: &quot;64.00 MB&quot;,
&quot;support_discard&quot;: &quot;0&quot;,
&quot;vendor&quot;: null,
&quot;virtual&quot;: 1
},
&quot;ram1&quot;: {
&quot;holders&quot;: [],
&quot;host&quot;: &quot;&quot;,
&quot;links&quot;: {
&quot;ids&quot;: [],
&quot;labels&quot;: [],
&quot;masters&quot;: [],
&quot;uuids&quot;: []
},
&quot;model&quot;: null,
&quot;partitions&quot;: {},
&quot;removable&quot;: &quot;0&quot;,
&quot;rotational&quot;: &quot;0&quot;,
&quot;sas_address&quot;: null,
&quot;sas_device_handle&quot;: null,
&quot;scheduler_mode&quot;: &quot;&quot;,
&quot;sectors&quot;: &quot;131072&quot;,
&quot;sectorsize&quot;: &quot;512&quot;,
&quot;size&quot;: &quot;64.00 MB&quot;,
&quot;support_discard&quot;: &quot;0&quot;,
&quot;vendor&quot;: null,
&quot;virtual&quot;: 1
},
&quot;ram10&quot;: {
&quot;holders&quot;: [],
&quot;host&quot;: &quot;&quot;,
&quot;links&quot;: {
&quot;ids&quot;: [],
&quot;labels&quot;: [],
&quot;masters&quot;: [],
&quot;uuids&quot;: []
},
&quot;model&quot;: null,
&quot;partitions&quot;: {},
&quot;removable&quot;: &quot;0&quot;,
&quot;rotational&quot;: &quot;0&quot;,
&quot;sas_address&quot;: null,
&quot;sas_device_handle&quot;: null,
&quot;scheduler_mode&quot;: &quot;&quot;,
&quot;sectors&quot;: &quot;131072&quot;,
&quot;sectorsize&quot;: &quot;512&quot;,
&quot;size&quot;: &quot;64.00 MB&quot;,
&quot;support_discard&quot;: &quot;0&quot;,
&quot;vendor&quot;: null,
&quot;virtual&quot;: 1
},
&quot;ram11&quot;: {
&quot;holders&quot;: [],
&quot;host&quot;: &quot;&quot;,
&quot;links&quot;: {
&quot;ids&quot;: [],
&quot;labels&quot;: [],
&quot;masters&quot;: [],
&quot;uuids&quot;: []
},
&quot;model&quot;: null,
&quot;partitions&quot;: {},
&quot;removable&quot;: &quot;0&quot;,
&quot;rotational&quot;: &quot;0&quot;,
&quot;sas_address&quot;: null,
&quot;sas_device_handle&quot;: null,
&quot;scheduler_mode&quot;: &quot;&quot;,
&quot;sectors&quot;: &quot;131072&quot;,
&quot;sectorsize&quot;: &quot;512&quot;,
&quot;size&quot;: &quot;64.00 MB&quot;,
&quot;support_discard&quot;: &quot;0&quot;,
&quot;vendor&quot;: null,
&quot;virtual&quot;: 1
},
&quot;ram12&quot;: {
&quot;holders&quot;: [],
&quot;host&quot;: &quot;&quot;,
&quot;links&quot;: {
&quot;ids&quot;: [],
&quot;labels&quot;: [],
&quot;masters&quot;: [],
&quot;uuids&quot;: []
},
&quot;model&quot;: null,
&quot;partitions&quot;: {},
&quot;removable&quot;: &quot;0&quot;,
&quot;rotational&quot;: &quot;0&quot;,
&quot;sas_address&quot;: null,
&quot;sas_device_handle&quot;: null,
&quot;scheduler_mode&quot;: &quot;&quot;,
&quot;sectors&quot;: &quot;131072&quot;,
&quot;sectorsize&quot;: &quot;512&quot;,
&quot;size&quot;: &quot;64.00 MB&quot;,
&quot;support_discard&quot;: &quot;0&quot;,
&quot;vendor&quot;: null,
&quot;virtual&quot;: 1
},
&quot;ram13&quot;: {
&quot;holders&quot;: [],
&quot;host&quot;: &quot;&quot;,
&quot;links&quot;: {
&quot;ids&quot;: [],
&quot;labels&quot;: [],
&quot;masters&quot;: [],
&quot;uuids&quot;: []
},
&quot;model&quot;: null,
&quot;partitions&quot;: {},
&quot;removable&quot;: &quot;0&quot;,
&quot;rotational&quot;: &quot;0&quot;,
&quot;sas_address&quot;: null,
&quot;sas_device_handle&quot;: null,
&quot;scheduler_mode&quot;: &quot;&quot;,
&quot;sectors&quot;: &quot;131072&quot;,
&quot;sectorsize&quot;: &quot;512&quot;,
&quot;size&quot;: &quot;64.00 MB&quot;,
&quot;support_discard&quot;: &quot;0&quot;,
&quot;vendor&quot;: null,
&quot;virtual&quot;: 1
},
&quot;ram14&quot;: {
&quot;holders&quot;: [],
&quot;host&quot;: &quot;&quot;,
&quot;links&quot;: {
&quot;ids&quot;: [],
&quot;labels&quot;: [],
&quot;masters&quot;: [],
&quot;uuids&quot;: []
},
&quot;model&quot;: null,
&quot;partitions&quot;: {},
&quot;removable&quot;: &quot;0&quot;,
&quot;rotational&quot;: &quot;0&quot;,
&quot;sas_address&quot;: null,
&quot;sas_device_handle&quot;: null,
&quot;scheduler_mode&quot;: &quot;&quot;,
&quot;sectors&quot;: &quot;131072&quot;,
&quot;sectorsize&quot;: &quot;512&quot;,
&quot;size&quot;: &quot;64.00 MB&quot;,
&quot;support_discard&quot;: &quot;0&quot;,
&quot;vendor&quot;: null,
&quot;virtual&quot;: 1
},
&quot;ram15&quot;: {
&quot;holders&quot;: [],
&quot;host&quot;: &quot;&quot;,
&quot;links&quot;: {
&quot;ids&quot;: [],
&quot;labels&quot;: [],
&quot;masters&quot;: [],
&quot;uuids&quot;: []
},
&quot;model&quot;: null,
&quot;partitions&quot;: {},
&quot;removable&quot;: &quot;0&quot;,
&quot;rotational&quot;: &quot;0&quot;,
&quot;sas_address&quot;: null,
&quot;sas_device_handle&quot;: null,
&quot;scheduler_mode&quot;: &quot;&quot;,
&quot;sectors&quot;: &quot;131072&quot;,
&quot;sectorsize&quot;: &quot;512&quot;,
&quot;size&quot;: &quot;64.00 MB&quot;,
&quot;support_discard&quot;: &quot;0&quot;,
&quot;vendor&quot;: null,
&quot;virtual&quot;: 1
},
&quot;ram2&quot;: {
&quot;holders&quot;: [],
&quot;host&quot;: &quot;&quot;,
&quot;links&quot;: {
&quot;ids&quot;: [],
&quot;labels&quot;: [],
&quot;masters&quot;: [],
&quot;uuids&quot;: []
},
&quot;model&quot;: null,
&quot;partitions&quot;: {},
&quot;removable&quot;: &quot;0&quot;,
&quot;rotational&quot;: &quot;0&quot;,
&quot;sas_address&quot;: null,
&quot;sas_device_handle&quot;: null,
&quot;scheduler_mode&quot;: &quot;&quot;,
&quot;sectors&quot;: &quot;131072&quot;,
&quot;sectorsize&quot;: &quot;512&quot;,
&quot;size&quot;: &quot;64.00 MB&quot;,
&quot;support_discard&quot;: &quot;0&quot;,
&quot;vendor&quot;: null,
&quot;virtual&quot;: 1
},
&quot;ram3&quot;: {
&quot;holders&quot;: [],
&quot;host&quot;: &quot;&quot;,
&quot;links&quot;: {
&quot;ids&quot;: [],
&quot;labels&quot;: [],
&quot;masters&quot;: [],
&quot;uuids&quot;: []
},
&quot;model&quot;: null,
&quot;partitions&quot;: {},
&quot;removable&quot;: &quot;0&quot;,
&quot;rotational&quot;: &quot;0&quot;,
&quot;sas_address&quot;: null,
&quot;sas_device_handle&quot;: null,
&quot;scheduler_mode&quot;: &quot;&quot;,
&quot;sectors&quot;: &quot;131072&quot;,
&quot;sectorsize&quot;: &quot;512&quot;,
&quot;size&quot;: &quot;64.00 MB&quot;,
&quot;support_discard&quot;: &quot;0&quot;,
&quot;vendor&quot;: null,
&quot;virtual&quot;: 1
},
&quot;ram4&quot;: {
&quot;holders&quot;: [],
&quot;host&quot;: &quot;&quot;,
&quot;links&quot;: {
&quot;ids&quot;: [],
&quot;labels&quot;: [],
&quot;masters&quot;: [],
&quot;uuids&quot;: []
},
&quot;model&quot;: null,
&quot;partitions&quot;: {},
&quot;removable&quot;: &quot;0&quot;,
&quot;rotational&quot;: &quot;0&quot;,
&quot;sas_address&quot;: null,
&quot;sas_device_handle&quot;: null,
&quot;scheduler_mode&quot;: &quot;&quot;,
&quot;sectors&quot;: &quot;131072&quot;,
&quot;sectorsize&quot;: &quot;512&quot;,
&quot;size&quot;: &quot;64.00 MB&quot;,
&quot;support_discard&quot;: &quot;0&quot;,
&quot;vendor&quot;: null,
&quot;virtual&quot;: 1
},
&quot;ram5&quot;: {
&quot;holders&quot;: [],
&quot;host&quot;: &quot;&quot;,
&quot;links&quot;: {
&quot;ids&quot;: [],
&quot;labels&quot;: [],
&quot;masters&quot;: [],
&quot;uuids&quot;: []
},
&quot;model&quot;: null,
&quot;partitions&quot;: {},
&quot;removable&quot;: &quot;0&quot;,
&quot;rotational&quot;: &quot;0&quot;,
&quot;sas_address&quot;: null,
&quot;sas_device_handle&quot;: null,
&quot;scheduler_mode&quot;: &quot;&quot;,
&quot;sectors&quot;: &quot;131072&quot;,
&quot;sectorsize&quot;: &quot;512&quot;,
&quot;size&quot;: &quot;64.00 MB&quot;,
&quot;support_discard&quot;: &quot;0&quot;,
&quot;vendor&quot;: null,
&quot;virtual&quot;: 1
},
&quot;ram6&quot;: {
&quot;holders&quot;: [],
&quot;host&quot;: &quot;&quot;,
&quot;links&quot;: {
&quot;ids&quot;: [],
&quot;labels&quot;: [],
&quot;masters&quot;: [],
&quot;uuids&quot;: []
},
&quot;model&quot;: null,
&quot;partitions&quot;: {},
&quot;removable&quot;: &quot;0&quot;,
&quot;rotational&quot;: &quot;0&quot;,
&quot;sas_address&quot;: null,
&quot;sas_device_handle&quot;: null,
&quot;scheduler_mode&quot;: &quot;&quot;,
&quot;sectors&quot;: &quot;131072&quot;,
&quot;sectorsize&quot;: &quot;512&quot;,
&quot;size&quot;: &quot;64.00 MB&quot;,
&quot;support_discard&quot;: &quot;0&quot;,
&quot;vendor&quot;: null,
&quot;virtual&quot;: 1
},
&quot;ram7&quot;: {
&quot;holders&quot;: [],
&quot;host&quot;: &quot;&quot;,
&quot;links&quot;: {
&quot;ids&quot;: [],
&quot;labels&quot;: [],
&quot;masters&quot;: [],
&quot;uuids&quot;: []
},
&quot;model&quot;: null,
&quot;partitions&quot;: {},
&quot;removable&quot;: &quot;0&quot;,
&quot;rotational&quot;: &quot;0&quot;,
&quot;sas_address&quot;: null,
&quot;sas_device_handle&quot;: null,
&quot;scheduler_mode&quot;: &quot;&quot;,
&quot;sectors&quot;: &quot;131072&quot;,
&quot;sectorsize&quot;: &quot;512&quot;,
&quot;size&quot;: &quot;64.00 MB&quot;,
&quot;support_discard&quot;: &quot;0&quot;,
&quot;vendor&quot;: null,
&quot;virtual&quot;: 1
},
&quot;ram8&quot;: {
&quot;holders&quot;: [],
&quot;host&quot;: &quot;&quot;,
&quot;links&quot;: {
&quot;ids&quot;: [],
&quot;labels&quot;: [],
&quot;masters&quot;: [],
&quot;uuids&quot;: []
},
&quot;model&quot;: null,
&quot;partitions&quot;: {},
&quot;removable&quot;: &quot;0&quot;,
&quot;rotational&quot;: &quot;0&quot;,
&quot;sas_address&quot;: null,
&quot;sas_device_handle&quot;: null,
&quot;scheduler_mode&quot;: &quot;&quot;,
&quot;sectors&quot;: &quot;131072&quot;,
&quot;sectorsize&quot;: &quot;512&quot;,
&quot;size&quot;: &quot;64.00 MB&quot;,
&quot;support_discard&quot;: &quot;0&quot;,
&quot;vendor&quot;: null,
&quot;virtual&quot;: 1
},
&quot;ram9&quot;: {
&quot;holders&quot;: [],
&quot;host&quot;: &quot;&quot;,
&quot;links&quot;: {
&quot;ids&quot;: [],
&quot;labels&quot;: [],
&quot;masters&quot;: [],
&quot;uuids&quot;: []
},
&quot;model&quot;: null,
&quot;partitions&quot;: {},
&quot;removable&quot;: &quot;0&quot;,
&quot;rotational&quot;: &quot;0&quot;,
&quot;sas_address&quot;: null,
&quot;sas_device_handle&quot;: null,
&quot;scheduler_mode&quot;: &quot;&quot;,
&quot;sectors&quot;: &quot;131072&quot;,
&quot;sectorsize&quot;: &quot;512&quot;,
&quot;size&quot;: &quot;64.00 MB&quot;,
&quot;support_discard&quot;: &quot;0&quot;,
&quot;vendor&quot;: null,
&quot;virtual&quot;: 1
},
&quot;sda&quot;: {
&quot;holders&quot;: [],
&quot;host&quot;: &quot;&quot;,
&quot;links&quot;: {
&quot;ids&quot;: [],
&quot;labels&quot;: [],
&quot;masters&quot;: [],
&quot;uuids&quot;: []
},
&quot;model&quot;: &quot;BHYVE SATA DISK&quot;,
&quot;partitions&quot;: {
&quot;sda1&quot;: {
&quot;holders&quot;: [],
&quot;links&quot;: {
&quot;ids&quot;: [],
&quot;labels&quot;: [],
&quot;masters&quot;: [],
&quot;uuids&quot;: []
},
&quot;sectors&quot;: &quot;124997632&quot;,
&quot;sectorsize&quot;: 512,
&quot;size&quot;: &quot;59.60 GB&quot;,
&quot;start&quot;: &quot;2048&quot;,
&quot;uuid&quot;: null
}
},
&quot;removable&quot;: &quot;0&quot;,
&quot;rotational&quot;: &quot;1&quot;,
&quot;sas_address&quot;: null,
&quot;sas_device_handle&quot;: null,
&quot;scheduler_mode&quot;: &quot;deadline&quot;,
&quot;sectors&quot;: &quot;124999680&quot;,
&quot;sectorsize&quot;: &quot;512&quot;,
&quot;size&quot;: &quot;59.60 GB&quot;,
&quot;support_discard&quot;: &quot;4096&quot;,
&quot;vendor&quot;: &quot;ATA&quot;,
&quot;virtual&quot;: 1
},
&quot;sr0&quot;: {
&quot;holders&quot;: [],
&quot;host&quot;: &quot;&quot;,
&quot;links&quot;: {
&quot;ids&quot;: [],
&quot;labels&quot;: [],
&quot;masters&quot;: [],
&quot;uuids&quot;: []
},
&quot;model&quot;: &quot;BHYVE DVD-ROM&quot;,
&quot;partitions&quot;: {},
&quot;removable&quot;: &quot;1&quot;,
&quot;rotational&quot;: &quot;1&quot;,
&quot;sas_address&quot;: null,
&quot;sas_device_handle&quot;: null,
&quot;scheduler_mode&quot;: &quot;deadline&quot;,
&quot;sectors&quot;: &quot;964040&quot;,
&quot;sectorsize&quot;: &quot;2048&quot;,
&quot;size&quot;: &quot;470.72 MB&quot;,
&quot;support_discard&quot;: &quot;0&quot;,
&quot;vendor&quot;: &quot;BHYVE&quot;,
&quot;virtual&quot;: 1
},
&quot;sr1&quot;: {
&quot;holders&quot;: [],
&quot;host&quot;: &quot;&quot;,
&quot;links&quot;: {
&quot;ids&quot;: [],
&quot;labels&quot;: [],
&quot;masters&quot;: [],
&quot;uuids&quot;: []
},
&quot;model&quot;: &quot;BHYVE DVD-ROM&quot;,
&quot;partitions&quot;: {},
&quot;removable&quot;: &quot;1&quot;,
&quot;rotational&quot;: &quot;1&quot;,
&quot;sas_address&quot;: null,
&quot;sas_device_handle&quot;: null,
&quot;scheduler_mode&quot;: &quot;deadline&quot;,
&quot;sectors&quot;: &quot;424&quot;,
&quot;sectorsize&quot;: &quot;2048&quot;,
&quot;size&quot;: &quot;212.00 KB&quot;,
&quot;support_discard&quot;: &quot;0&quot;,
&quot;vendor&quot;: &quot;BHYVE&quot;,
&quot;virtual&quot;: 1
},
&quot;sr2&quot;: {
&quot;holders&quot;: [],
&quot;host&quot;: &quot;&quot;,
&quot;links&quot;: {
&quot;ids&quot;: [],
&quot;labels&quot;: [],
&quot;masters&quot;: [],
&quot;uuids&quot;: []
},
&quot;model&quot;: &quot;BHYVE DVD-ROM&quot;,
&quot;partitions&quot;: {},
&quot;removable&quot;: &quot;1&quot;,
&quot;rotational&quot;: &quot;1&quot;,
&quot;sas_address&quot;: null,
&quot;sas_device_handle&quot;: null,
&quot;scheduler_mode&quot;: &quot;deadline&quot;,
&quot;sectors&quot;: &quot;1688708&quot;,
&quot;sectorsize&quot;: &quot;2048&quot;,
&quot;size&quot;: &quot;824.56 MB&quot;,
&quot;support_discard&quot;: &quot;0&quot;,
&quot;vendor&quot;: &quot;BHYVE&quot;,
&quot;virtual&quot;: 1
}
},
&quot;ansible_distribution&quot;: &quot;Ubuntu&quot;,
&quot;ansible_distribution_file_parsed&quot;: true,
&quot;ansible_distribution_file_path&quot;: &quot;/etc/os-release&quot;,
&quot;ansible_distribution_file_variety&quot;: &quot;Debian&quot;,
&quot;ansible_distribution_major_version&quot;: &quot;18&quot;,
&quot;ansible_distribution_release&quot;: &quot;bionic&quot;,
&quot;ansible_distribution_version&quot;: &quot;18.04&quot;,
&quot;ansible_dns&quot;: {
&quot;nameservers&quot;: [
&quot;192.168.65.1&quot;
]
},
&quot;ansible_domain&quot;: &quot;&quot;,
&quot;ansible_effective_group_id&quot;: 0,
&quot;ansible_effective_user_id&quot;: 0,
&quot;ansible_env&quot;: {
&quot;ANSIBLE_CALLBACK_WHITELIST&quot;: &quot;junit&quot;,
&quot;ANSIBLE_COLLECTIONS_PATHS&quot;: &quot;/root/ansible&quot;,
&quot;ANSIBLE_CONFIG&quot;: &quot;/root/ansible/ansible_collections/community/kubernetes/tests/output/.tmp/integration/kubernetes-x12ifq4y-ÅÑŚÌβŁÈ/tests/integration/integration.cfg&quot;,
&quot;ANSIBLE_DEPRECATION_WARNINGS&quot;: &quot;false&quot;,
&quot;ANSIBLE_FORCE_COLOR&quot;: &quot;true&quot;,
&quot;ANSIBLE_FORCE_HANDLERS&quot;: &quot;true&quot;,
&quot;ANSIBLE_HOST_KEY_CHECKING&quot;: &quot;false&quot;,
&quot;ANSIBLE_HOST_PATTERN_MISMATCH&quot;: &quot;error&quot;,
&quot;ANSIBLE_INVENTORY&quot;: &quot;/dev/null&quot;,
&quot;ANSIBLE_LIBRARY&quot;: &quot;/dev/null&quot;,
&quot;ANSIBLE_PLAYBOOK_DIR&quot;: &quot;/root/ansible/ansible_collections/community/kubernetes/tests/output/.tmp/integration/kubernetes-x12ifq4y-ÅÑŚÌβŁÈ/tests/integration&quot;,
&quot;ANSIBLE_PYTHON_INTERPRETER&quot;: &quot;/set/ansible_python_interpreter/in/inventory&quot;,
&quot;ANSIBLE_PYTHON_MODULE_RLIMIT_NOFILE&quot;: &quot;1024&quot;,
&quot;ANSIBLE_RETRY_FILES_ENABLED&quot;: &quot;false&quot;,
&quot;ANSIBLE_ROLES_PATH&quot;: &quot;/root/ansible/ansible_collections/community/kubernetes/tests/output/.tmp/integration/kubernetes-x12ifq4y-ÅÑŚÌβŁÈ/tests/integration/targets&quot;,
&quot;ANSIBLE_TEST_CI&quot;: &quot;&quot;,
&quot;ANSIBLE_TEST_COVERAGE&quot;: &quot;&quot;,
&quot;ANSIBLE_TEST_PYTHON_INTERPRETER&quot;: &quot;/usr/bin/python3.6&quot;,
&quot;ANSIBLE_TEST_PYTHON_VERSION&quot;: &quot;3.6&quot;,
&quot;HOME&quot;: &quot;/root&quot;,
&quot;INVENTORY_PATH&quot;: &quot;/root/ansible/ansible_collections/community/kubernetes/tests/output/.tmp/integration/kubernetes-x12ifq4y-ÅÑŚÌβŁÈ/tests/integration/inventory&quot;,
&quot;JUNIT_OUTPUT_DIR&quot;: &quot;/root/ansible/ansible_collections/community/kubernetes/tests/output/junit&quot;,
&quot;K8S_AUTH_KUBECONFIG&quot;: &quot;/root/ansible/ansible_collections/community/kubernetes/tests/integration/cloud-config-openshift-h55zhvsi.kubeconfig&quot;,
&quot;LC_ALL&quot;: &quot;en_US.UTF-8&quot;,
&quot;OUTPUT_DIR&quot;: &quot;/root/ansible/ansible_collections/community/kubernetes/tests/output/.tmp/output_dir&quot;,
&quot;PAGER&quot;: &quot;/bin/cat&quot;,
&quot;PATH&quot;: &quot;/tmp/python-_nao3p15-ansible:/root/ansible/test/lib/ansible_test/_data/injector:/root/ansible/bin:/usr/local/sbin:/usr/local/bin:/usr/sbin:/usr/bin:/sbin:/bin&quot;,
&quot;PWD&quot;: &quot;/root/ansible/ansible_collections/community/kubernetes/tests/output/.tmp/integration/kubernetes-x12ifq4y-ÅÑŚÌβŁÈ/tests/integration&quot;,
&quot;PYTHONPATH&quot;: &quot;/root/ansible/lib&quot;
},
&quot;ansible_fibre_channel_wwn&quot;: [],
&quot;ansible_fips&quot;: false,
&quot;ansible_form_factor&quot;: &quot;Unknown&quot;,
&quot;ansible_fqdn&quot;: &quot;3463f7b7fac5&quot;,
&quot;ansible_hostname&quot;: &quot;3463f7b7fac5&quot;,
&quot;ansible_hostnqn&quot;: &quot;&quot;,
&quot;ansible_is_chroot&quot;: false,
&quot;ansible_iscsi_iqn&quot;: &quot;&quot;,
&quot;ansible_kernel&quot;: &quot;4.19.76-linuxkit&quot;,
&quot;ansible_kernel_version&quot;: &quot;#1 SMP Thu Oct 17 19:31:58 UTC 2019&quot;,
&quot;ansible_local&quot;: {},
&quot;ansible_lsb&quot;: {
&quot;codename&quot;: &quot;bionic&quot;,
&quot;description&quot;: &quot;Ubuntu 18.04.3 LTS&quot;,
&quot;id&quot;: &quot;Ubuntu&quot;,
&quot;major_release&quot;: &quot;18&quot;,
&quot;release&quot;: &quot;18.04&quot;
},
&quot;ansible_machine&quot;: &quot;x86_64&quot;,
&quot;ansible_machine_id&quot;: &quot;fa8b71f31f5d40ffb66fec414187d314&quot;,
&quot;ansible_memfree_mb&quot;: 115,
&quot;ansible_memory_mb&quot;: {
&quot;nocache&quot;: {
&quot;free&quot;: 2576,
&quot;used&quot;: 1362
},
&quot;real&quot;: {
&quot;free&quot;: 115,
&quot;total&quot;: 3938,
&quot;used&quot;: 3823
},
&quot;swap&quot;: {
&quot;cached&quot;: 0,
&quot;free&quot;: 1020,
&quot;total&quot;: 1023,
&quot;used&quot;: 3
}
},
&quot;ansible_memtotal_mb&quot;: 3938,
&quot;ansible_mounts&quot;: [
{
&quot;block_available&quot;: 7567208,
&quot;block_size&quot;: 4096,
&quot;block_total&quot;: 15313873,
&quot;block_used&quot;: 7746665,
&quot;device&quot;: &quot;/dev/sda1&quot;,
&quot;fstype&quot;: &quot;ext4&quot;,
&quot;inode_available&quot;: 2790799,
&quot;inode_total&quot;: 3907584,
&quot;inode_used&quot;: 1116785,
&quot;mount&quot;: &quot;/run&quot;,
&quot;options&quot;: &quot;rw,relatime,bind&quot;,
&quot;size_available&quot;: 30995283968,
&quot;size_total&quot;: 62725623808,
&quot;uuid&quot;: &quot;N/A&quot;
},
{
&quot;block_available&quot;: 7567208,
&quot;block_size&quot;: 4096,
&quot;block_total&quot;: 15313873,
&quot;block_used&quot;: 7746665,
&quot;device&quot;: &quot;/dev/sda1&quot;,
&quot;fstype&quot;: &quot;ext4&quot;,
&quot;inode_available&quot;: 2790799,
&quot;inode_total&quot;: 3907584,
&quot;inode_used&quot;: 1116785,
&quot;mount&quot;: &quot;/tmp&quot;,
&quot;options&quot;: &quot;rw,relatime,bind&quot;,
&quot;size_available&quot;: 30995283968,
&quot;size_total&quot;: 62725623808,
&quot;uuid&quot;: &quot;N/A&quot;
},
{
&quot;block_available&quot;: 7567208,
&quot;block_size&quot;: 4096,
&quot;block_total&quot;: 15313873,
&quot;block_used&quot;: 7746665,
&quot;device&quot;: &quot;/dev/sda1&quot;,
&quot;fstype&quot;: &quot;ext4&quot;,
&quot;inode_available&quot;: 2790799,
&quot;inode_total&quot;: 3907584,
&quot;inode_used&quot;: 1116785,
&quot;mount&quot;: &quot;/run/lock&quot;,
&quot;options&quot;: &quot;rw,relatime,bind&quot;,
&quot;size_available&quot;: 30995283968,
&quot;size_total&quot;: 62725623808,
&quot;uuid&quot;: &quot;N/A&quot;
},
{
&quot;block_available&quot;: 7567208,
&quot;block_size&quot;: 4096,
&quot;block_total&quot;: 15313873,
&quot;block_used&quot;: 7746665,
&quot;device&quot;: &quot;/dev/sda1&quot;,
&quot;fstype&quot;: &quot;ext4&quot;,
&quot;inode_available&quot;: 2790799,
&quot;inode_total&quot;: 3907584,
&quot;inode_used&quot;: 1116785,
&quot;mount&quot;: &quot;/etc/resolv.conf&quot;,
&quot;options&quot;: &quot;rw,relatime,bind&quot;,
&quot;size_available&quot;: 30995283968,
&quot;size_total&quot;: 62725623808,
&quot;uuid&quot;: &quot;N/A&quot;
},
{
&quot;block_available&quot;: 7567208,
&quot;block_size&quot;: 4096,
&quot;block_total&quot;: 15313873,
&quot;block_used&quot;: 7746665,
&quot;device&quot;: &quot;/dev/sda1&quot;,
&quot;fstype&quot;: &quot;ext4&quot;,
&quot;inode_available&quot;: 2790799,
&quot;inode_total&quot;: 3907584,
&quot;inode_used&quot;: 1116785,
&quot;mount&quot;: &quot;/etc/hostname&quot;,
&quot;options&quot;: &quot;rw,relatime,bind&quot;,
&quot;size_available&quot;: 30995283968,
&quot;size_total&quot;: 62725623808,
&quot;uuid&quot;: &quot;N/A&quot;
},
{
&quot;block_available&quot;: 7567208,
&quot;block_size&quot;: 4096,
&quot;block_total&quot;: 15313873,
&quot;block_used&quot;: 7746665,
&quot;device&quot;: &quot;/dev/sda1&quot;,
&quot;fstype&quot;: &quot;ext4&quot;,
&quot;inode_available&quot;: 2790799,
&quot;inode_total&quot;: 3907584,
&quot;inode_used&quot;: 1116785,
&quot;mount&quot;: &quot;/etc/hosts&quot;,
&quot;options&quot;: &quot;rw,relatime,bind&quot;,
&quot;size_available&quot;: 30995283968,
&quot;size_total&quot;: 62725623808,
&quot;uuid&quot;: &quot;N/A&quot;
}
],
&quot;ansible_nodename&quot;: &quot;3463f7b7fac5&quot;,
&quot;ansible_os_family&quot;: &quot;Debian&quot;,
&quot;ansible_pkg_mgr&quot;: &quot;apt&quot;,
&quot;ansible_proc_cmdline&quot;: {
&quot;BOOT_IMAGE&quot;: &quot;/boot/kernel&quot;,
&quot;console&quot;: [
&quot;ttyS0&quot;,
&quot;ttyS1&quot;
],
&quot;page_poison&quot;: &quot;1&quot;,
&quot;panic&quot;: &quot;1&quot;,
&quot;root&quot;: &quot;/dev/sr0&quot;,
&quot;text&quot;: true,
&quot;vsyscall&quot;: &quot;emulate&quot;
},
&quot;ansible_processor&quot;: [
&quot;0&quot;,
&quot;GenuineIntel&quot;,
&quot;Intel(R) Core(TM) i7-6660U CPU @ 2.40GHz&quot;,
&quot;1&quot;,
&quot;GenuineIntel&quot;,
&quot;Intel(R) Core(TM) i7-6660U CPU @ 2.40GHz&quot;
],
&quot;ansible_processor_cores&quot;: 1,
&quot;ansible_processor_count&quot;: 2,
&quot;ansible_processor_threads_per_core&quot;: 1,
&quot;ansible_processor_vcpus&quot;: 2,
&quot;ansible_product_name&quot;: &quot;BHYVE&quot;,
&quot;ansible_product_serial&quot;: &quot;None&quot;,
&quot;ansible_product_uuid&quot;: &quot;02594ace-0000-0000-83fc-c0a068aebccb&quot;,
&quot;ansible_product_version&quot;: &quot;1.0&quot;,
&quot;ansible_python&quot;: {
&quot;executable&quot;: &quot;/tmp/python-_nao3p15-ansible/python&quot;,
&quot;has_sslcontext&quot;: true,
&quot;type&quot;: &quot;cpython&quot;,
&quot;version&quot;: {
&quot;major&quot;: 3,
&quot;micro&quot;: 8,
&quot;minor&quot;: 6,
&quot;releaselevel&quot;: &quot;final&quot;,
&quot;serial&quot;: 0
},
&quot;version_info&quot;: [
3,
6,
8,
&quot;final&quot;,
0
]
},
&quot;ansible_python_version&quot;: &quot;3.6.8&quot;,
&quot;ansible_real_group_id&quot;: 0,
&quot;ansible_real_user_id&quot;: 0,
&quot;ansible_selinux&quot;: {
&quot;status&quot;: &quot;Missing selinux Python library&quot;
},
&quot;ansible_selinux_python_present&quot;: false,
&quot;ansible_service_mgr&quot;: &quot;systemd&quot;,
&quot;ansible_ssh_host_key_ecdsa_public&quot;: &quot;AAAAE2VjZHNhLXNoYTItbmlzdHAyNTYAAAAIbmlzdHAyNTYAAABBBCoEuuztuQpD1fqb2wTCrpBf8ATh6TBlXrPh8MX4hOW+gseI3+R30kNF0qfEtRm1Q/Q46ml303iGgWvHVLOltR4=&quot;,
&quot;ansible_ssh_host_key_ed25519_public&quot;: &quot;AAAAC3NzaC1lZDI1NTE5AAAAIAa+2oQosP5ZPj2AKVbZPVMX5cR/9nOQExjKX8o6k/6w&quot;,
&quot;ansible_ssh_host_key_rsa_public&quot;: &quot;AAAAB3NzaC1yc2EAAAADAQABAAABAQDB0n+VMM8MPY2jQ/+g9Xv5bFG+z7E8Ncfbwh4rZAcy+aiwY4Ch8KjAQTkglLJTFHDcHH+plOYiGtz1KQ8BidjckjXivO2dUcYHq5Nt15EoAivy2oJIw1TrIeWTzICKA503xJODlHvCYqBJd8i2QxzAs+P0L0oFqG6G8ZsWX/FM50/jDUO6xToEGYdbUb10/UxOjHXnupnCjJK00A2/eUFqP12hxzLvRZQhgknrlrswNnrYQ3hvO3Ibh0BXTVzIJZlbLLpEJPEDpaAV9vk55RXbehOixK3e9Hf6R7YAhWAkTBecbuLByf3swj78Dupt3nsbrXZgxPwfXAu4AhMU1IFf&quot;,
&quot;ansible_swapfree_mb&quot;: 1020,
&quot;ansible_swaptotal_mb&quot;: 1023,
&quot;ansible_system&quot;: &quot;Linux&quot;,
&quot;ansible_system_vendor&quot;: &quot;NA&quot;,
&quot;ansible_uptime_seconds&quot;: 165282,
&quot;ansible_user_dir&quot;: &quot;/root&quot;,
&quot;ansible_user_gecos&quot;: &quot;root&quot;,
&quot;ansible_user_gid&quot;: 0,
&quot;ansible_user_id&quot;: &quot;root&quot;,
&quot;ansible_user_shell&quot;: &quot;/bin/bash&quot;,
&quot;ansible_user_uid&quot;: 0,
&quot;ansible_userspace_architecture&quot;: &quot;x86_64&quot;,
&quot;ansible_userspace_bits&quot;: &quot;64&quot;,
&quot;ansible_virtualization_role&quot;: &quot;guest&quot;,
&quot;ansible_virtualization_type&quot;: &quot;docker&quot;,
&quot;gather_subset&quot;: [
&quot;all&quot;
],
&quot;module_setup&quot;: true
},
&quot;changed&quot;: false,
&quot;deprecations&quot;: [],
&quot;warnings&quot;: []
}</system-out>
		</testcase>
		<testcase classname="/root/ansible/ansible_collections/community/kubernetes/tests/output/.tmp/integration/kubernetes-x12ifq4y-ÅÑŚÌβŁÈ/tests/integration/targets/kubernetes/tasks/main.yml:1" name="[testhost] testhost: kubernetes : include_tasks _raw_params=setup_remote_tmp_dir.yml" time="0.041093">
			<system-out>{
&quot;changed&quot;: false,
&quot;include&quot;: &quot;setup_remote_tmp_dir.yml&quot;,
&quot;include_args&quot;: {}
}</system-out>
		</testcase>
		<testcase classname="/root/ansible/ansible_collections/community/kubernetes/tests/output/.tmp/integration/kubernetes-x12ifq4y-ÅÑŚÌβŁÈ/tests/integration/targets/kubernetes/tasks/main.yml:1" name="[include] testhost: kubernetes : include_tasks _raw_params=setup_remote_tmp_dir.yml" time="0.110099">
			<system-out>/root/ansible/ansible_collections/community/kubernetes/tests/output/.tmp/integration/kubernetes-x12ifq4y-ÅÑŚÌβŁÈ/tests/integration/targets/kubernetes/tasks/setup_remote_tmp_dir.yml (args={} vars={}): [testhost]</system-out>
		</testcase>
		<testcase classname="/root/ansible/ansible_collections/community/kubernetes/tests/output/.tmp/integration/kubernetes-x12ifq4y-ÅÑŚÌβŁÈ/tests/integration/targets/kubernetes/tasks/setup_remote_tmp_dir.yml:1" name="[testhost] testhost: kubernetes : create temporary directory state=directory, suffix=.test" time="1.560499">
			<system-out>{
&quot;changed&quot;: true,
&quot;gid&quot;: 0,
&quot;group&quot;: &quot;root&quot;,
&quot;mode&quot;: &quot;0700&quot;,
&quot;owner&quot;: &quot;root&quot;,
&quot;path&quot;: &quot;/tmp/ansible.cixdxil5.test&quot;,
&quot;size&quot;: 4096,
&quot;state&quot;: &quot;directory&quot;,
&quot;uid&quot;: 0
}</system-out>
		</testcase>
		<testcase classname="/root/ansible/ansible_collections/community/kubernetes/tests/output/.tmp/integration/kubernetes-x12ifq4y-ÅÑŚÌβŁÈ/tests/integration/targets/kubernetes/tasks/setup_remote_tmp_dir.yml:9" name="[testhost] testhost: kubernetes : record temporary directory remote_tmp_dir={{ remote_tmp_dir.path }}" time="0.921740">
			<system-out>{
&quot;ansible_facts&quot;: {
&quot;remote_tmp_dir&quot;: &quot;/tmp/ansible.cixdxil5.test&quot;
},
&quot;changed&quot;: false
}</system-out>
		</testcase>
		<testcase classname="/root/ansible/ansible_collections/community/kubernetes/tests/output/.tmp/integration/kubernetes-x12ifq4y-ÅÑŚÌβŁÈ/tests/integration/targets/kubernetes/tasks/main.yml:3" name="[testhost] testhost: kubernetes : set_fact virtualenv={{ remote_tmp_dir }}/virtualenv, virtualenv_command={{ ansible_python_interpreter }} -m virtualenv" time="1.004041">
			<system-out>{
&quot;ansible_facts&quot;: {
&quot;virtualenv&quot;: &quot;/tmp/ansible.cixdxil5.test/virtualenv&quot;,
&quot;virtualenv_command&quot;: &quot;/tmp/python-_nao3p15-ansible/python -m virtualenv&quot;
},
&quot;changed&quot;: false
}</system-out>
		</testcase>
		<testcase classname="/root/ansible/ansible_collections/community/kubernetes/tests/output/.tmp/integration/kubernetes-x12ifq4y-ÅÑŚÌβŁÈ/tests/integration/targets/kubernetes/tasks/main.yml:7" name="[testhost] testhost: kubernetes : set_fact virtualenv_interpreter={{ virtualenv }}/bin/python" time="0.927496">
			<system-out>{
&quot;ansible_facts&quot;: {
&quot;virtualenv_interpreter&quot;: &quot;/tmp/ansible.cixdxil5.test/virtualenv/bin/python&quot;
},
&quot;changed&quot;: false
}</system-out>
		</testcase>
		<testcase classname="/root/ansible/ansible_collections/community/kubernetes/tests/output/.tmp/integration/kubernetes-x12ifq4y-ÅÑŚÌβŁÈ/tests/integration/targets/kubernetes/tasks/main.yml:10" name="[testhost] testhost: kubernetes : pip name=virtualenv" time="4.333551">
			<system-out>{
&quot;changed&quot;: false,
&quot;cmd&quot;: [
&quot;/usr/local/bin/pip3&quot;,
&quot;install&quot;,
&quot;virtualenv&quot;
],
&quot;name&quot;: [
&quot;virtualenv&quot;
],
&quot;requirements&quot;: null,
&quot;state&quot;: &quot;present&quot;,
&quot;stderr&quot;: &quot;WARNING: You are using pip version 19.2.3, however version 20.0.2 is available.\nYou should consider upgrading via the 'pip install --upgrade pip' command.\n&quot;,
&quot;stderr_lines&quot;: [
&quot;WARNING: You are using pip version 19.2.3, however version 20.0.2 is available.&quot;,
&quot;You should consider upgrading via the 'pip install --upgrade pip' command.&quot;
],
&quot;stdout&quot;: &quot;Requirement already satisfied: virtualenv in /usr/local/lib/python3.6/dist-packages (16.7.5)\n&quot;,
&quot;stdout_lines&quot;: [
&quot;Requirement already satisfied: virtualenv in /usr/local/lib/python3.6/dist-packages (16.7.5)&quot;
],
&quot;version&quot;: null,
&quot;virtualenv&quot;: null
}</system-out>
		</testcase>
		<testcase classname="/root/ansible/ansible_collections/community/kubernetes/tests/output/.tmp/integration/kubernetes-x12ifq4y-ÅÑŚÌβŁÈ/tests/integration/targets/kubernetes/tasks/main.yml:15" name="[testhost] testhost: kubernetes : pip name=['openshift&gt;=0.9.2', 'coverage'], virtualenv={{ virtualenv }}, virtualenv_command={{ virtualenv_command }}, virtualenv_site_packages=False" time="47.222636">
			<system-out>{
&quot;changed&quot;: true,
&quot;cmd&quot;: [
&quot;/tmp/ansible.cixdxil5.test/virtualenv/bin/pip3&quot;,
&quot;install&quot;,
&quot;openshift&gt;=0.9.2&quot;,
&quot;coverage&quot;
],
&quot;name&quot;: [
&quot;openshift&gt;=0.9.2&quot;,
&quot;coverage&quot;
],
&quot;requirements&quot;: null,
&quot;state&quot;: &quot;present&quot;,
&quot;stderr&quot;: &quot;&quot;,
&quot;stderr_lines&quot;: [],
&quot;stdout&quot;: &quot;Already using interpreter /tmp/python-_nao3p15-ansible/python\nUsing base prefix '/usr'\nNew python executable in /tmp/ansible.cixdxil5.test/virtualenv/bin/python\nInstalling setuptools, pip, wheel...\ndone.\nCollecting openshift&gt;=0.9.2\n  Downloading openshift-0.10.1.tar.gz (18 kB)\nCollecting coverage\n  Downloading coverage-5.0.3-cp36-cp36m-manylinux1_x86_64.whl (227 kB)\nCollecting dictdiffer\n  Downloading dictdiffer-0.8.1-py2.py3-none-any.whl (16 kB)\nCollecting jinja2\n  Downloading Jinja2-2.11.1-py2.py3-none-any.whl (126 kB)\nCollecting kubernetes~=10.0.1\n  Downloading kubernetes-10.0.1-py2.py3-none-any.whl (1.5 MB)\nProcessing /root/.cache/pip/wheels/b2/1d/3f/2f554103ba3e4aa8d53b8e1ea70b5a0b4f74409a789e17fa35/python_string_utils-0.6.0-cp36-none-any.whl\nCollecting ruamel.yaml&gt;=0.15\n  Downloading ruamel.yaml-0.16.7-py2.py3-none-any.whl (123 kB)\nCollecting six\n  Downloading six-1.14.0-py2.py3-none-any.whl (10 kB)\nCollecting MarkupSafe&gt;=0.23\n  Using cached MarkupSafe-1.1.1-cp36-cp36m-manylinux1_x86_64.whl (27 kB)\nCollecting requests\n  Using cached requests-2.22.0-py2.py3-none-any.whl (57 kB)\nCollecting google-auth&gt;=1.0.1\n  Downloading google_auth-1.11.0-py2.py3-none-any.whl (76 kB)\nCollecting certifi&gt;=14.05.14\n  Downloading certifi-2019.11.28-py2.py3-none-any.whl (156 kB)\nCollecting python-dateutil&gt;=2.5.3\n  Downloading python_dateutil-2.8.1-py2.py3-none-any.whl (227 kB)\nCollecting requests-oauthlib\n  Downloading requests_oauthlib-1.3.0-py2.py3-none-any.whl (23 kB)\nRequirement already satisfied: setuptools&gt;=21.0.0 in ./ansible.cixdxil5.test/virtualenv/lib/python3.6/site-packages (from kubernetes~=10.0.1-&gt;openshift&gt;=0.9.2) (45.1.0)\nCollecting urllib3&gt;=1.24.2\n  Downloading urllib3-1.25.8-py2.py3-none-any.whl (125 kB)\nCollecting websocket-client!=0.40.0,!=0.41.*,!=0.42.*,&gt;=0.32.0\n  Downloading websocket_client-0.57.0-py2.py3-none-any.whl (200 kB)\nCollecting pyyaml&gt;=3.12\n  Downloading PyYAML-5.3.tar.gz (268 kB)\nCollecting ruamel.yaml.clib&gt;=0.1.2; platform_python_implementation == \&quot;CPython\&quot; and python_version &lt; \&quot;3.8\&quot;\n  Using cached ruamel.yaml.clib-0.2.0-cp36-cp36m-manylinux1_x86_64.whl (548 kB)\nCollecting chardet&lt;3.1.0,&gt;=3.0.2\n  Using cached chardet-3.0.4-py2.py3-none-any.whl (133 kB)\nCollecting idna&lt;2.9,&gt;=2.5\n  Downloading idna-2.8-py2.py3-none-any.whl (58 kB)\nCollecting pyasn1-modules&gt;=0.2.1\n  Downloading pyasn1_modules-0.2.8-py2.py3-none-any.whl (155 kB)\nCollecting rsa&lt;4.1,&gt;=3.1.4\n  Using cached rsa-4.0-py2.py3-none-any.whl (38 kB)\nCollecting cachetools&lt;5.0,&gt;=2.0.0\n  Downloading cachetools-4.0.0-py3-none-any.whl (10 kB)\nCollecting oauthlib&gt;=3.0.0\n  Using cached oauthlib-3.1.0-py2.py3-none-any.whl (147 kB)\nCollecting pyasn1&lt;0.5.0,&gt;=0.4.6\n  Downloading pyasn1-0.4.8-py2.py3-none-any.whl (77 kB)\nBuilding wheels for collected packages: openshift, pyyaml\n  Building wheel for openshift (setup.py): started\n  Building wheel for openshift (setup.py): finished with status 'done'\n  Created wheel for openshift: filename=openshift-0.10.1-py3-none-any.whl size=19448 sha256=c3cfc37b13e9002df2788542f1674d4e26160db1546a808c6e47818fbce2c7e2\n  Stored in directory: /root/.cache/pip/wheels/03/ca/56/deca5094fd3ff62df9d8703a5c64b6c7e3f67212bee6c37a69\n  Building wheel for pyyaml (setup.py): started\n  Building wheel for pyyaml (setup.py): finished with status 'done'\n  Created wheel for pyyaml: filename=PyYAML-5.3-cp36-cp36m-linux_x86_64.whl size=403280 sha256=30bd16e159e62938bcdbb4908d7b8ff14c2829dc60f23d4704002a81ba05af57\n  Stored in directory: /root/.cache/pip/wheels/b1/86/0d/10e6c39d3a2b85ba807d7657ee80f08cc16c03f2aa2adf8e46\nSuccessfully built openshift pyyaml\nInstalling collected packages: dictdiffer, MarkupSafe, jinja2, chardet, certifi, idna, urllib3, requests, six, pyasn1, pyasn1-modules, rsa, cachetools, google-auth, python-dateutil, oauthlib, requests-oauthlib, websocket-client, pyyaml, kubernetes, python-string-utils, ruamel.yaml.clib, ruamel.yaml, openshift, coverage\nSuccessfully installed MarkupSafe-1.1.1 cachetools-4.0.0 certifi-2019.11.28 chardet-3.0.4 coverage-5.0.3 dictdiffer-0.8.1 google-auth-1.11.0 idna-2.8 jinja2-2.11.1 kubernetes-10.0.1 oauthlib-3.1.0 openshift-0.10.1 pyasn1-0.4.8 pyasn1-modules-0.2.8 python-dateutil-2.8.1 python-string-utils-0.6.0 pyyaml-5.3 requests-2.22.0 requests-oauthlib-1.3.0 rsa-4.0 ruamel.yaml-0.16.7 ruamel.yaml.clib-0.2.0 six-1.14.0 urllib3-1.25.8 websocket-client-0.57.0\n&quot;,
&quot;stdout_lines&quot;: [
&quot;Already using interpreter /tmp/python-_nao3p15-ansible/python&quot;,
&quot;Using base prefix '/usr'&quot;,
&quot;New python executable in /tmp/ansible.cixdxil5.test/virtualenv/bin/python&quot;,
&quot;Installing setuptools, pip, wheel...&quot;,
&quot;done.&quot;,
&quot;Collecting openshift&gt;=0.9.2&quot;,
&quot;  Downloading openshift-0.10.1.tar.gz (18 kB)&quot;,
&quot;Collecting coverage&quot;,
&quot;  Downloading coverage-5.0.3-cp36-cp36m-manylinux1_x86_64.whl (227 kB)&quot;,
&quot;Collecting dictdiffer&quot;,
&quot;  Downloading dictdiffer-0.8.1-py2.py3-none-any.whl (16 kB)&quot;,
&quot;Collecting jinja2&quot;,
&quot;  Downloading Jinja2-2.11.1-py2.py3-none-any.whl (126 kB)&quot;,
&quot;Collecting kubernetes~=10.0.1&quot;,
&quot;  Downloading kubernetes-10.0.1-py2.py3-none-any.whl (1.5 MB)&quot;,
&quot;Processing /root/.cache/pip/wheels/b2/1d/3f/2f554103ba3e4aa8d53b8e1ea70b5a0b4f74409a789e17fa35/python_string_utils-0.6.0-cp36-none-any.whl&quot;,
&quot;Collecting ruamel.yaml&gt;=0.15&quot;,
&quot;  Downloading ruamel.yaml-0.16.7-py2.py3-none-any.whl (123 kB)&quot;,
&quot;Collecting six&quot;,
&quot;  Downloading six-1.14.0-py2.py3-none-any.whl (10 kB)&quot;,
&quot;Collecting MarkupSafe&gt;=0.23&quot;,
&quot;  Using cached MarkupSafe-1.1.1-cp36-cp36m-manylinux1_x86_64.whl (27 kB)&quot;,
&quot;Collecting requests&quot;,
&quot;  Using cached requests-2.22.0-py2.py3-none-any.whl (57 kB)&quot;,
&quot;Collecting google-auth&gt;=1.0.1&quot;,
&quot;  Downloading google_auth-1.11.0-py2.py3-none-any.whl (76 kB)&quot;,
&quot;Collecting certifi&gt;=14.05.14&quot;,
&quot;  Downloading certifi-2019.11.28-py2.py3-none-any.whl (156 kB)&quot;,
&quot;Collecting python-dateutil&gt;=2.5.3&quot;,
&quot;  Downloading python_dateutil-2.8.1-py2.py3-none-any.whl (227 kB)&quot;,
&quot;Collecting requests-oauthlib&quot;,
&quot;  Downloading requests_oauthlib-1.3.0-py2.py3-none-any.whl (23 kB)&quot;,
&quot;Requirement already satisfied: setuptools&gt;=21.0.0 in ./ansible.cixdxil5.test/virtualenv/lib/python3.6/site-packages (from kubernetes~=10.0.1-&gt;openshift&gt;=0.9.2) (45.1.0)&quot;,
&quot;Collecting urllib3&gt;=1.24.2&quot;,
&quot;  Downloading urllib3-1.25.8-py2.py3-none-any.whl (125 kB)&quot;,
&quot;Collecting websocket-client!=0.40.0,!=0.41.*,!=0.42.*,&gt;=0.32.0&quot;,
&quot;  Downloading websocket_client-0.57.0-py2.py3-none-any.whl (200 kB)&quot;,
&quot;Collecting pyyaml&gt;=3.12&quot;,
&quot;  Downloading PyYAML-5.3.tar.gz (268 kB)&quot;,
&quot;Collecting ruamel.yaml.clib&gt;=0.1.2; platform_python_implementation == \&quot;CPython\&quot; and python_version &lt; \&quot;3.8\&quot;&quot;,
&quot;  Using cached ruamel.yaml.clib-0.2.0-cp36-cp36m-manylinux1_x86_64.whl (548 kB)&quot;,
&quot;Collecting chardet&lt;3.1.0,&gt;=3.0.2&quot;,
&quot;  Using cached chardet-3.0.4-py2.py3-none-any.whl (133 kB)&quot;,
&quot;Collecting idna&lt;2.9,&gt;=2.5&quot;,
&quot;  Downloading idna-2.8-py2.py3-none-any.whl (58 kB)&quot;,
&quot;Collecting pyasn1-modules&gt;=0.2.1&quot;,
&quot;  Downloading pyasn1_modules-0.2.8-py2.py3-none-any.whl (155 kB)&quot;,
&quot;Collecting rsa&lt;4.1,&gt;=3.1.4&quot;,
&quot;  Using cached rsa-4.0-py2.py3-none-any.whl (38 kB)&quot;,
&quot;Collecting cachetools&lt;5.0,&gt;=2.0.0&quot;,
&quot;  Downloading cachetools-4.0.0-py3-none-any.whl (10 kB)&quot;,
&quot;Collecting oauthlib&gt;=3.0.0&quot;,
&quot;  Using cached oauthlib-3.1.0-py2.py3-none-any.whl (147 kB)&quot;,
&quot;Collecting pyasn1&lt;0.5.0,&gt;=0.4.6&quot;,
&quot;  Downloading pyasn1-0.4.8-py2.py3-none-any.whl (77 kB)&quot;,
&quot;Building wheels for collected packages: openshift, pyyaml&quot;,
&quot;  Building wheel for openshift (setup.py): started&quot;,
&quot;  Building wheel for openshift (setup.py): finished with status 'done'&quot;,
&quot;  Created wheel for openshift: filename=openshift-0.10.1-py3-none-any.whl size=19448 sha256=c3cfc37b13e9002df2788542f1674d4e26160db1546a808c6e47818fbce2c7e2&quot;,
&quot;  Stored in directory: /root/.cache/pip/wheels/03/ca/56/deca5094fd3ff62df9d8703a5c64b6c7e3f67212bee6c37a69&quot;,
&quot;  Building wheel for pyyaml (setup.py): started&quot;,
&quot;  Building wheel for pyyaml (setup.py): finished with status 'done'&quot;,
&quot;  Created wheel for pyyaml: filename=PyYAML-5.3-cp36-cp36m-linux_x86_64.whl size=403280 sha256=30bd16e159e62938bcdbb4908d7b8ff14c2829dc60f23d4704002a81ba05af57&quot;,
&quot;  Stored in directory: /root/.cache/pip/wheels/b1/86/0d/10e6c39d3a2b85ba807d7657ee80f08cc16c03f2aa2adf8e46&quot;,
&quot;Successfully built openshift pyyaml&quot;,
&quot;Installing collected packages: dictdiffer, MarkupSafe, jinja2, chardet, certifi, idna, urllib3, requests, six, pyasn1, pyasn1-modules, rsa, cachetools, google-auth, python-dateutil, oauthlib, requests-oauthlib, websocket-client, pyyaml, kubernetes, python-string-utils, ruamel.yaml.clib, ruamel.yaml, openshift, coverage&quot;,
&quot;Successfully installed MarkupSafe-1.1.1 cachetools-4.0.0 certifi-2019.11.28 chardet-3.0.4 coverage-5.0.3 dictdiffer-0.8.1 google-auth-1.11.0 idna-2.8 jinja2-2.11.1 kubernetes-10.0.1 oauthlib-3.1.0 openshift-0.10.1 pyasn1-0.4.8 pyasn1-modules-0.2.8 python-dateutil-2.8.1 python-string-utils-0.6.0 pyyaml-5.3 requests-2.22.0 requests-oauthlib-1.3.0 rsa-4.0 ruamel.yaml-0.16.7 ruamel.yaml.clib-0.2.0 six-1.14.0 urllib3-1.25.8 websocket-client-0.57.0&quot;
],
&quot;version&quot;: null,
&quot;virtualenv&quot;: &quot;/tmp/ansible.cixdxil5.test/virtualenv&quot;
}</system-out>
		</testcase>
		<testcase classname="/root/ansible/ansible_collections/community/kubernetes/tests/output/.tmp/integration/kubernetes-x12ifq4y-ÅÑŚÌβŁÈ/tests/integration/targets/kubernetes/tasks/main.yml:23" name="[testhost] testhost: kubernetes : include_tasks _raw_params=validate_not_installed.yml" time="0.030112">
			<system-out>{
&quot;changed&quot;: false,
&quot;include&quot;: &quot;validate_not_installed.yml&quot;,
&quot;include_args&quot;: {}
}</system-out>
		</testcase>
		<testcase classname="/root/ansible/ansible_collections/community/kubernetes/tests/output/.tmp/integration/kubernetes-x12ifq4y-ÅÑŚÌβŁÈ/tests/integration/targets/kubernetes/tasks/main.yml:23" name="[include] testhost: kubernetes : include_tasks _raw_params=validate_not_installed.yml" time="0.118688">
			<system-out>/root/ansible/ansible_collections/community/kubernetes/tests/output/.tmp/integration/kubernetes-x12ifq4y-ÅÑŚÌβŁÈ/tests/integration/targets/kubernetes/tasks/validate_not_installed.yml (args={} vars={}): [testhost]</system-out>
		</testcase>
		<testcase classname="/root/ansible/ansible_collections/community/kubernetes/tests/output/.tmp/integration/kubernetes-x12ifq4y-ÅÑŚÌβŁÈ/tests/integration/targets/kubernetes/tasks/validate_not_installed.yml:1" name="[testhost] testhost: kubernetes : python_requirements_info dependencies=['openshift', 'kubernetes', 'kubernetes-validate']" time="2.053377">
			<system-out>{
&quot;changed&quot;: false,
&quot;mismatched&quot;: {},
&quot;not_found&quot;: [
&quot;kubernetes-validate&quot;
],
&quot;python&quot;: &quot;/tmp/ansible.cixdxil5.test/virtualenv/bin/python&quot;,
&quot;python_system_path&quot;: [
&quot;/tmp/ansible_python_requirements_info_payload_46mzxasa/ansible_python_requirements_info_payload.zip&quot;,
&quot;/root/ansible/lib&quot;,
&quot;/tmp/ansible.cixdxil5.test/virtualenv/lib/python36.zip&quot;,
&quot;/tmp/ansible.cixdxil5.test/virtualenv/lib/python3.6&quot;,
&quot;/tmp/ansible.cixdxil5.test/virtualenv/lib/python3.6/lib-dynload&quot;,
&quot;/usr/lib/python3.6&quot;,
&quot;/tmp/ansible.cixdxil5.test/virtualenv/lib/python3.6/site-packages&quot;
],
&quot;python_version&quot;: &quot;3.6.8 (default, Oct  7 2019, 12:59:55) \n[GCC 8.3.0]&quot;,
&quot;valid&quot;: {
&quot;kubernetes&quot;: {
&quot;desired&quot;: null,
&quot;installed&quot;: &quot;10.0.1&quot;
},
&quot;openshift&quot;: {
&quot;desired&quot;: null,
&quot;installed&quot;: &quot;0.10.1&quot;
}
}
}</system-out>
		</testcase>
		<testcase classname="/root/ansible/ansible_collections/community/kubernetes/tests/output/.tmp/integration/kubernetes-x12ifq4y-ÅÑŚÌβŁÈ/tests/integration/targets/kubernetes/tasks/validate_not_installed.yml:7" name="[testhost] testhost: kubernetes : k8s definition={'apiVersion': 'v1', 'kind': 'ConfigMap', 'metadata': {'name': 'hello', 'namespace': 'default'}}, validate={'fail_on_error': True}" time="3.024139">
			<system-out>{
&quot;changed&quot;: false,
&quot;msg&quot;: &quot;kubernetes-validate python library is required to validate resources&quot;
}</system-out>
		</testcase>
		<testcase classname="/root/ansible/ansible_collections/community/kubernetes/tests/output/.tmp/integration/kubernetes-x12ifq4y-ÅÑŚÌβŁÈ/tests/integration/targets/kubernetes/tasks/validate_not_installed.yml:19" name="[testhost] testhost: kubernetes : assert that k8s_no_validate fails gracefully that=['k8s_no_validate is failed', &quot;k8s_no_validate.msg == 'kubernetes-validate python library is required to validate resources'&quot;]" time="1.144333">
			<system-out>{
    &quot;changed&quot;: false,
    &quot;msg&quot;: &quot;All assertions passed&quot;
}</system-out>
		</testcase>
		<testcase classname="/root/ansible/ansible_collections/community/kubernetes/tests/output/.tmp/integration/kubernetes-x12ifq4y-ÅÑŚÌβŁÈ/tests/integration/targets/kubernetes/tasks/main.yml:27" name="[testhost] testhost: kubernetes : file" time="2.269540">
			<system-out>{
&quot;censored&quot;: &quot;the output has been hidden due to the fact that 'no_log: true' was specified for this result&quot;,
&quot;changed&quot;: true
}</system-out>
		</testcase>
		<testcase classname="/root/ansible/ansible_collections/community/kubernetes/tests/output/.tmp/integration/kubernetes-x12ifq4y-ÅÑŚÌβŁÈ/tests/integration/targets/kubernetes/tasks/main.yml:34" name="[testhost] testhost: kubernetes : pip name=['kubernetes-validate==1.12.0', 'openshift&gt;=0.9.2', 'coverage'], virtualenv={{ virtualenv }}, virtualenv_command={{ virtualenv_command }}, virtualenv_site_packages=False" time="45.778359">
			<system-out>{
&quot;changed&quot;: true,
&quot;cmd&quot;: [
&quot;/tmp/ansible.cixdxil5.test/virtualenv/bin/pip3&quot;,
&quot;install&quot;,
&quot;kubernetes-validate==1.12.0&quot;,
&quot;openshift&gt;=0.9.2&quot;,
&quot;coverage&quot;
],
&quot;name&quot;: [
&quot;kubernetes-validate==1.12.0&quot;,
&quot;openshift&gt;=0.9.2&quot;,
&quot;coverage&quot;
],
&quot;requirements&quot;: null,
&quot;state&quot;: &quot;present&quot;,
&quot;stderr&quot;: &quot;&quot;,
&quot;stderr_lines&quot;: [],
&quot;stdout&quot;: &quot;Already using interpreter /tmp/python-_nao3p15-ansible/python\nUsing base prefix '/usr'\nNew python executable in /tmp/ansible.cixdxil5.test/virtualenv/bin/python\nInstalling setuptools, pip, wheel...\ndone.\nCollecting kubernetes-validate==1.12.0\n  Downloading kubernetes-validate-1.12.0.tar.gz (2.0 MB)\nProcessing /root/.cache/pip/wheels/03/ca/56/deca5094fd3ff62df9d8703a5c64b6c7e3f67212bee6c37a69/openshift-0.10.1-py3-none-any.whl\nCollecting coverage\n  Using cached coverage-5.0.3-cp36-cp36m-manylinux1_x86_64.whl (227 kB)\nProcessing /root/.cache/pip/wheels/b1/86/0d/10e6c39d3a2b85ba807d7657ee80f08cc16c03f2aa2adf8e46/PyYAML-5.3-cp36-cp36m-linux_x86_64.whl\nCollecting jsonschema\n  Downloading jsonschema-3.2.0-py2.py3-none-any.whl (56 kB)\nCollecting jinja2\n  Using cached Jinja2-2.11.1-py2.py3-none-any.whl (126 kB)\nCollecting dictdiffer\n  Using cached dictdiffer-0.8.1-py2.py3-none-any.whl (16 kB)\nCollecting six\n  Using cached six-1.14.0-py2.py3-none-any.whl (10 kB)\nCollecting kubernetes~=10.0.1\n  Using cached kubernetes-10.0.1-py2.py3-none-any.whl (1.5 MB)\nCollecting ruamel.yaml&gt;=0.15\n  Using cached ruamel.yaml-0.16.7-py2.py3-none-any.whl (123 kB)\nProcessing /root/.cache/pip/wheels/b2/1d/3f/2f554103ba3e4aa8d53b8e1ea70b5a0b4f74409a789e17fa35/python_string_utils-0.6.0-cp36-none-any.whl\nCollecting pyrsistent&gt;=0.14.0\n  Downloading pyrsistent-0.15.7.tar.gz (107 kB)\nCollecting importlib-metadata; python_version &lt; \&quot;3.8\&quot;\n  Downloading importlib_metadata-1.5.0-py2.py3-none-any.whl (30 kB)\nCollecting attrs&gt;=17.4.0\n  Using cached attrs-19.3.0-py2.py3-none-any.whl (39 kB)\nRequirement already satisfied: setuptools in ./ansible.cixdxil5.test/virtualenv/lib/python3.6/site-packages (from jsonschema-&gt;kubernetes-validate==1.12.0) (45.1.0)\nCollecting MarkupSafe&gt;=0.23\n  Using cached MarkupSafe-1.1.1-cp36-cp36m-manylinux1_x86_64.whl (27 kB)\nCollecting websocket-client!=0.40.0,!=0.41.*,!=0.42.*,&gt;=0.32.0\n  Using cached websocket_client-0.57.0-py2.py3-none-any.whl (200 kB)\nCollecting google-auth&gt;=1.0.1\n  Using cached google_auth-1.11.0-py2.py3-none-any.whl (76 kB)\nCollecting python-dateutil&gt;=2.5.3\n  Using cached python_dateutil-2.8.1-py2.py3-none-any.whl (227 kB)\nCollecting certifi&gt;=14.05.14\n  Using cached certifi-2019.11.28-py2.py3-none-any.whl (156 kB)\nCollecting urllib3&gt;=1.24.2\n  Using cached urllib3-1.25.8-py2.py3-none-any.whl (125 kB)\nCollecting requests\n  Using cached requests-2.22.0-py2.py3-none-any.whl (57 kB)\nCollecting requests-oauthlib\n  Using cached requests_oauthlib-1.3.0-py2.py3-none-any.whl (23 kB)\nCollecting ruamel.yaml.clib&gt;=0.1.2; platform_python_implementation == \&quot;CPython\&quot; and python_version &lt; \&quot;3.8\&quot;\n  Using cached ruamel.yaml.clib-0.2.0-cp36-cp36m-manylinux1_x86_64.whl (548 kB)\nCollecting zipp&gt;=0.5\n  Downloading zipp-2.1.0-py3-none-any.whl (4.6 kB)\nCollecting rsa&lt;4.1,&gt;=3.1.4\n  Using cached rsa-4.0-py2.py3-none-any.whl (38 kB)\nCollecting cachetools&lt;5.0,&gt;=2.0.0\n  Using cached cachetools-4.0.0-py3-none-any.whl (10 kB)\nCollecting pyasn1-modules&gt;=0.2.1\n  Using cached pyasn1_modules-0.2.8-py2.py3-none-any.whl (155 kB)\nCollecting chardet&lt;3.1.0,&gt;=3.0.2\n  Using cached chardet-3.0.4-py2.py3-none-any.whl (133 kB)\nCollecting idna&lt;2.9,&gt;=2.5\n  Using cached idna-2.8-py2.py3-none-any.whl (58 kB)\nCollecting oauthlib&gt;=3.0.0\n  Using cached oauthlib-3.1.0-py2.py3-none-any.whl (147 kB)\nCollecting pyasn1&gt;=0.1.3\n  Using cached pyasn1-0.4.8-py2.py3-none-any.whl (77 kB)\nBuilding wheels for collected packages: kubernetes-validate, pyrsistent\n  Building wheel for kubernetes-validate (setup.py): started\n  Building wheel for kubernetes-validate (setup.py): finished with status 'done'\n  Created wheel for kubernetes-validate: filename=kubernetes_validate-1.12.0-py3-none-any.whl size=4065386 sha256=19400eeda8943f7a72581c84ba6a5aeed9b1273f04d468f1f63c71bf0ca1f51f\n  Stored in directory: /root/.cache/pip/wheels/98/9b/da/4ebc13dd4d601645aa96f5f9da2859e115044084fa26b74477\n  Building wheel for pyrsistent (setup.py): started\n  Building wheel for pyrsistent (setup.py): finished with status 'done'\n  Created wheel for pyrsistent: filename=pyrsistent-0.15.7-cp36-cp36m-linux_x86_64.whl size=97700 sha256=54e4335e7bd824cf08d196671406f3dd921d1f1ecc83aa8c1f0002b9e125251c\n  Stored in directory: /root/.cache/pip/wheels/43/9a/e4/7f687f2bb934e9a26a6e1158778ed7c5436b9ea15db48c888a\nSuccessfully built kubernetes-validate pyrsistent\nInstalling collected packages: PyYAML, six, pyrsistent, zipp, importlib-metadata, attrs, jsonschema, kubernetes-validate, MarkupSafe, jinja2, dictdiffer, websocket-client, pyasn1, rsa, cachetools, pyasn1-modules, google-auth, python-dateutil, certifi, urllib3, chardet, idna, requests, oauthlib, requests-oauthlib, kubernetes, ruamel.yaml.clib, ruamel.yaml, python-string-utils, openshift, coverage\nSuccessfully installed MarkupSafe-1.1.1 PyYAML-5.3 attrs-19.3.0 cachetools-4.0.0 certifi-2019.11.28 chardet-3.0.4 coverage-5.0.3 dictdiffer-0.8.1 google-auth-1.11.0 idna-2.8 importlib-metadata-1.5.0 jinja2-2.11.1 jsonschema-3.2.0 kubernetes-10.0.1 kubernetes-validate-1.12.0 oauthlib-3.1.0 openshift-0.10.1 pyasn1-0.4.8 pyasn1-modules-0.2.8 pyrsistent-0.15.7 python-dateutil-2.8.1 python-string-utils-0.6.0 requests-2.22.0 requests-oauthlib-1.3.0 rsa-4.0 ruamel.yaml-0.16.7 ruamel.yaml.clib-0.2.0 six-1.14.0 urllib3-1.25.8 websocket-client-0.57.0 zipp-2.1.0\n&quot;,
&quot;stdout_lines&quot;: [
&quot;Already using interpreter /tmp/python-_nao3p15-ansible/python&quot;,
&quot;Using base prefix '/usr'&quot;,
&quot;New python executable in /tmp/ansible.cixdxil5.test/virtualenv/bin/python&quot;,
&quot;Installing setuptools, pip, wheel...&quot;,
&quot;done.&quot;,
&quot;Collecting kubernetes-validate==1.12.0&quot;,
&quot;  Downloading kubernetes-validate-1.12.0.tar.gz (2.0 MB)&quot;,
&quot;Processing /root/.cache/pip/wheels/03/ca/56/deca5094fd3ff62df9d8703a5c64b6c7e3f67212bee6c37a69/openshift-0.10.1-py3-none-any.whl&quot;,
&quot;Collecting coverage&quot;,
&quot;  Using cached coverage-5.0.3-cp36-cp36m-manylinux1_x86_64.whl (227 kB)&quot;,
&quot;Processing /root/.cache/pip/wheels/b1/86/0d/10e6c39d3a2b85ba807d7657ee80f08cc16c03f2aa2adf8e46/PyYAML-5.3-cp36-cp36m-linux_x86_64.whl&quot;,
&quot;Collecting jsonschema&quot;,
&quot;  Downloading jsonschema-3.2.0-py2.py3-none-any.whl (56 kB)&quot;,
&quot;Collecting jinja2&quot;,
&quot;  Using cached Jinja2-2.11.1-py2.py3-none-any.whl (126 kB)&quot;,
&quot;Collecting dictdiffer&quot;,
&quot;  Using cached dictdiffer-0.8.1-py2.py3-none-any.whl (16 kB)&quot;,
&quot;Collecting six&quot;,
&quot;  Using cached six-1.14.0-py2.py3-none-any.whl (10 kB)&quot;,
&quot;Collecting kubernetes~=10.0.1&quot;,
&quot;  Using cached kubernetes-10.0.1-py2.py3-none-any.whl (1.5 MB)&quot;,
&quot;Collecting ruamel.yaml&gt;=0.15&quot;,
&quot;  Using cached ruamel.yaml-0.16.7-py2.py3-none-any.whl (123 kB)&quot;,
&quot;Processing /root/.cache/pip/wheels/b2/1d/3f/2f554103ba3e4aa8d53b8e1ea70b5a0b4f74409a789e17fa35/python_string_utils-0.6.0-cp36-none-any.whl&quot;,
&quot;Collecting pyrsistent&gt;=0.14.0&quot;,
&quot;  Downloading pyrsistent-0.15.7.tar.gz (107 kB)&quot;,
&quot;Collecting importlib-metadata; python_version &lt; \&quot;3.8\&quot;&quot;,
&quot;  Downloading importlib_metadata-1.5.0-py2.py3-none-any.whl (30 kB)&quot;,
&quot;Collecting attrs&gt;=17.4.0&quot;,
&quot;  Using cached attrs-19.3.0-py2.py3-none-any.whl (39 kB)&quot;,
&quot;Requirement already satisfied: setuptools in ./ansible.cixdxil5.test/virtualenv/lib/python3.6/site-packages (from jsonschema-&gt;kubernetes-validate==1.12.0) (45.1.0)&quot;,
&quot;Collecting MarkupSafe&gt;=0.23&quot;,
&quot;  Using cached MarkupSafe-1.1.1-cp36-cp36m-manylinux1_x86_64.whl (27 kB)&quot;,
&quot;Collecting websocket-client!=0.40.0,!=0.41.*,!=0.42.*,&gt;=0.32.0&quot;,
&quot;  Using cached websocket_client-0.57.0-py2.py3-none-any.whl (200 kB)&quot;,
&quot;Collecting google-auth&gt;=1.0.1&quot;,
&quot;  Using cached google_auth-1.11.0-py2.py3-none-any.whl (76 kB)&quot;,
&quot;Collecting python-dateutil&gt;=2.5.3&quot;,
&quot;  Using cached python_dateutil-2.8.1-py2.py3-none-any.whl (227 kB)&quot;,
&quot;Collecting certifi&gt;=14.05.14&quot;,
&quot;  Using cached certifi-2019.11.28-py2.py3-none-any.whl (156 kB)&quot;,
&quot;Collecting urllib3&gt;=1.24.2&quot;,
&quot;  Using cached urllib3-1.25.8-py2.py3-none-any.whl (125 kB)&quot;,
&quot;Collecting requests&quot;,
&quot;  Using cached requests-2.22.0-py2.py3-none-any.whl (57 kB)&quot;,
&quot;Collecting requests-oauthlib&quot;,
&quot;  Using cached requests_oauthlib-1.3.0-py2.py3-none-any.whl (23 kB)&quot;,
&quot;Collecting ruamel.yaml.clib&gt;=0.1.2; platform_python_implementation == \&quot;CPython\&quot; and python_version &lt; \&quot;3.8\&quot;&quot;,
&quot;  Using cached ruamel.yaml.clib-0.2.0-cp36-cp36m-manylinux1_x86_64.whl (548 kB)&quot;,
&quot;Collecting zipp&gt;=0.5&quot;,
&quot;  Downloading zipp-2.1.0-py3-none-any.whl (4.6 kB)&quot;,
&quot;Collecting rsa&lt;4.1,&gt;=3.1.4&quot;,
&quot;  Using cached rsa-4.0-py2.py3-none-any.whl (38 kB)&quot;,
&quot;Collecting cachetools&lt;5.0,&gt;=2.0.0&quot;,
&quot;  Using cached cachetools-4.0.0-py3-none-any.whl (10 kB)&quot;,
&quot;Collecting pyasn1-modules&gt;=0.2.1&quot;,
&quot;  Using cached pyasn1_modules-0.2.8-py2.py3-none-any.whl (155 kB)&quot;,
&quot;Collecting chardet&lt;3.1.0,&gt;=3.0.2&quot;,
&quot;  Using cached chardet-3.0.4-py2.py3-none-any.whl (133 kB)&quot;,
&quot;Collecting idna&lt;2.9,&gt;=2.5&quot;,
&quot;  Using cached idna-2.8-py2.py3-none-any.whl (58 kB)&quot;,
&quot;Collecting oauthlib&gt;=3.0.0&quot;,
&quot;  Using cached oauthlib-3.1.0-py2.py3-none-any.whl (147 kB)&quot;,
&quot;Collecting pyasn1&gt;=0.1.3&quot;,
&quot;  Using cached pyasn1-0.4.8-py2.py3-none-any.whl (77 kB)&quot;,
&quot;Building wheels for collected packages: kubernetes-validate, pyrsistent&quot;,
&quot;  Building wheel for kubernetes-validate (setup.py): started&quot;,
&quot;  Building wheel for kubernetes-validate (setup.py): finished with status 'done'&quot;,
&quot;  Created wheel for kubernetes-validate: filename=kubernetes_validate-1.12.0-py3-none-any.whl size=4065386 sha256=19400eeda8943f7a72581c84ba6a5aeed9b1273f04d468f1f63c71bf0ca1f51f&quot;,
&quot;  Stored in directory: /root/.cache/pip/wheels/98/9b/da/4ebc13dd4d601645aa96f5f9da2859e115044084fa26b74477&quot;,
&quot;  Building wheel for pyrsistent (setup.py): started&quot;,
&quot;  Building wheel for pyrsistent (setup.py): finished with status 'done'&quot;,
&quot;  Created wheel for pyrsistent: filename=pyrsistent-0.15.7-cp36-cp36m-linux_x86_64.whl size=97700 sha256=54e4335e7bd824cf08d196671406f3dd921d1f1ecc83aa8c1f0002b9e125251c&quot;,
&quot;  Stored in directory: /root/.cache/pip/wheels/43/9a/e4/7f687f2bb934e9a26a6e1158778ed7c5436b9ea15db48c888a&quot;,
&quot;Successfully built kubernetes-validate pyrsistent&quot;,
&quot;Installing collected packages: PyYAML, six, pyrsistent, zipp, importlib-metadata, attrs, jsonschema, kubernetes-validate, MarkupSafe, jinja2, dictdiffer, websocket-client, pyasn1, rsa, cachetools, pyasn1-modules, google-auth, python-dateutil, certifi, urllib3, chardet, idna, requests, oauthlib, requests-oauthlib, kubernetes, ruamel.yaml.clib, ruamel.yaml, python-string-utils, openshift, coverage&quot;,
&quot;Successfully installed MarkupSafe-1.1.1 PyYAML-5.3 attrs-19.3.0 cachetools-4.0.0 certifi-2019.11.28 chardet-3.0.4 coverage-5.0.3 dictdiffer-0.8.1 google-auth-1.11.0 idna-2.8 importlib-metadata-1.5.0 jinja2-2.11.1 jsonschema-3.2.0 kubernetes-10.0.1 kubernetes-validate-1.12.0 oauthlib-3.1.0 openshift-0.10.1 pyasn1-0.4.8 pyasn1-modules-0.2.8 pyrsistent-0.15.7 python-dateutil-2.8.1 python-string-utils-0.6.0 requests-2.22.0 requests-oauthlib-1.3.0 rsa-4.0 ruamel.yaml-0.16.7 ruamel.yaml.clib-0.2.0 six-1.14.0 urllib3-1.25.8 websocket-client-0.57.0 zipp-2.1.0&quot;
],
&quot;version&quot;: null,
&quot;virtualenv&quot;: &quot;/tmp/ansible.cixdxil5.test/virtualenv&quot;
}</system-out>
		</testcase>
		<testcase classname="/root/ansible/ansible_collections/community/kubernetes/tests/output/.tmp/integration/kubernetes-x12ifq4y-ÅÑŚÌβŁÈ/tests/integration/targets/kubernetes/tasks/main.yml:43" name="[testhost] testhost: kubernetes : include_tasks _raw_params=validate_installed.yml" time="0.025259">
			<system-out>{
&quot;changed&quot;: false,
&quot;include&quot;: &quot;validate_installed.yml&quot;,
&quot;include_args&quot;: {}
}</system-out>
		</testcase>
		<testcase classname="/root/ansible/ansible_collections/community/kubernetes/tests/output/.tmp/integration/kubernetes-x12ifq4y-ÅÑŚÌβŁÈ/tests/integration/targets/kubernetes/tasks/main.yml:43" name="[include] testhost: kubernetes : include_tasks _raw_params=validate_installed.yml" time="0.102192">
			<system-out>/root/ansible/ansible_collections/community/kubernetes/tests/output/.tmp/integration/kubernetes-x12ifq4y-ÅÑŚÌβŁÈ/tests/integration/targets/kubernetes/tasks/validate_installed.yml (args={} vars={}): [testhost]</system-out>
		</testcase>
		<testcase classname="/root/ansible/ansible_collections/community/kubernetes/tests/output/.tmp/integration/kubernetes-x12ifq4y-ÅÑŚÌβŁÈ/tests/integration/targets/kubernetes/tasks/validate_installed.yml:2" name="[testhost] testhost: kubernetes : Create a namespace name={{ playbook_namespace }}, kind=Namespace" time="3.370498">
			<system-out>{
&quot;changed&quot;: true,
&quot;method&quot;: &quot;create&quot;,
&quot;result&quot;: {
&quot;apiVersion&quot;: &quot;v1&quot;,
&quot;kind&quot;: &quot;Namespace&quot;,
&quot;metadata&quot;: {
&quot;creationTimestamp&quot;: &quot;2020-01-30T19:41:41Z&quot;,
&quot;name&quot;: &quot;ansible-test-k8s-validate&quot;,
&quot;resourceVersion&quot;: &quot;931&quot;,
&quot;selfLink&quot;: &quot;/api/v1/namespaces/ansible-test-k8s-validate&quot;,
&quot;uid&quot;: &quot;89e6c3d0-4398-11ea-abc6-0242ac110002&quot;
},
&quot;spec&quot;: {
&quot;finalizers&quot;: [
&quot;kubernetes&quot;
]
},
&quot;status&quot;: {
&quot;phase&quot;: &quot;Active&quot;
}
}
}</system-out>
		</testcase>
		<testcase classname="/root/ansible/ansible_collections/community/kubernetes/tests/output/.tmp/integration/kubernetes-x12ifq4y-ÅÑŚÌβŁÈ/tests/integration/targets/kubernetes/tasks/validate_installed.yml:7" name="[testhost] testhost: kubernetes : copy src=files, dest={{ remote_tmp_dir }}" time="4.691595">
			<system-out>{
&quot;changed&quot;: true,
&quot;dest&quot;: &quot;/tmp/ansible.cixdxil5.test/&quot;,
&quot;src&quot;: &quot;/root/ansible/ansible_collections/community/kubernetes/tests/output/.tmp/integration/kubernetes-x12ifq4y-ÅÑŚÌβŁÈ/tests/integration/targets/kubernetes/files&quot;
}</system-out>
		</testcase>
		<testcase classname="/root/ansible/ansible_collections/community/kubernetes/tests/output/.tmp/integration/kubernetes-x12ifq4y-ÅÑŚÌβŁÈ/tests/integration/targets/kubernetes/tasks/validate_installed.yml:11" name="[testhost] testhost: kubernetes : incredibly simple ConfigMap definition={'apiVersion': 'v1', 'kind': 'ConfigMap', 'metadata': {'name': 'hello', 'namespace': '{{ playbook_namespace }}'}}, validate={'fail_on_error': True}" time="2.761286">
			<system-out>{
&quot;changed&quot;: true,
&quot;method&quot;: &quot;create&quot;,
&quot;result&quot;: {
&quot;apiVersion&quot;: &quot;v1&quot;,
&quot;kind&quot;: &quot;ConfigMap&quot;,
&quot;metadata&quot;: {
&quot;creationTimestamp&quot;: &quot;2020-01-30T19:41:49Z&quot;,
&quot;name&quot;: &quot;hello&quot;,
&quot;namespace&quot;: &quot;ansible-test-k8s-validate&quot;,
&quot;resourceVersion&quot;: &quot;968&quot;,
&quot;selfLink&quot;: &quot;/api/v1/namespaces/ansible-test-k8s-validate/configmaps/hello&quot;,
&quot;uid&quot;: &quot;8e77f94a-4398-11ea-abc6-0242ac110002&quot;
}
}
}</system-out>
		</testcase>
		<testcase classname="/root/ansible/ansible_collections/community/kubernetes/tests/output/.tmp/integration/kubernetes-x12ifq4y-ÅÑŚÌβŁÈ/tests/integration/targets/kubernetes/tasks/validate_installed.yml:23" name="[testhost] testhost: kubernetes : assert that k8s_with_validate succeeds that=['k8s_with_validate is successful']" time="0.937352">
			<system-out>{
    &quot;changed&quot;: false,
    &quot;msg&quot;: &quot;All assertions passed&quot;
}</system-out>
		</testcase>
		<testcase classname="/root/ansible/ansible_collections/community/kubernetes/tests/output/.tmp/integration/kubernetes-x12ifq4y-ÅÑŚÌβŁÈ/tests/integration/targets/kubernetes/tasks/validate_installed.yml:28" name="[testhost] testhost: kubernetes : extra property does not fail without strict src={{ remote_tmp_dir }}/files/kuard-extra-property.yml, namespace={{ playbook_namespace }}, validate={'fail_on_error': True, 'strict': False}" time="2.864198">
			<system-out>{
&quot;changed&quot;: true,
&quot;method&quot;: &quot;create&quot;,
&quot;result&quot;: {
[...]
},
&quot;spec&quot;: {
&quot;clusterIP&quot;: &quot;172.30.186.254&quot;,
&quot;ports&quot;: [
{
&quot;name&quot;: &quot;port-8000-tcp&quot;,
&quot;port&quot;: 8000,
&quot;protocol&quot;: &quot;TCP&quot;,
&quot;targetPort&quot;: 8000
}
],
&quot;selector&quot;: {
&quot;app&quot;: &quot;test&quot;
},
&quot;sessionAffinity&quot;: &quot;None&quot;,
&quot;type&quot;: &quot;ClusterIP&quot;
},
&quot;status&quot;: {
&quot;loadBalancer&quot;: {}
}
}
]
}
]
}</system-out>
		</testcase>
		<testcase classname="/root/ansible/ansible_collections/community/kubernetes/tests/output/.tmp/integration/kubernetes-x12ifq4y-ÅÑŚÌβŁÈ/tests/integration/targets/kubernetes/tasks/lists.yml:93" name="[testhost] testhost: kubernetes : All resources should exist that=((list_resources.results | sum(attribute=&quot;resources&quot;, start=[])) | length) == (resources | length)" time="0.728035">
			<system-out>{
    &quot;changed&quot;: false,
    &quot;msg&quot;: &quot;All assertions passed&quot;
}</system-out>
		</testcase>
		<testcase classname="/root/ansible/ansible_collections/community/kubernetes/tests/output/.tmp/integration/kubernetes-x12ifq4y-ÅÑŚÌβŁÈ/tests/integration/targets/kubernetes/tasks/lists.yml:97" name="[testhost] testhost: kubernetes : Delete list of arbitrary resources state=absent, namespace=testing1, definition={'apiVersion': 'v1', 'kind': 'List', 'namespace': 'testing1', 'items': '{{ resources }}'}" time="1.693047">
			<system-out>{
&quot;changed&quot;: true,
&quot;result&quot;: {
&quot;results&quot;: [
{
&quot;changed&quot;: true,
&quot;method&quot;: &quot;delete&quot;,
&quot;result&quot;: {
&quot;apiVersion&quot;: &quot;v1&quot;,
&quot;details&quot;: {
&quot;kind&quot;: &quot;configmaps&quot;,
&quot;name&quot;: &quot;list-example-4&quot;,
&quot;uid&quot;: &quot;41a9dbb1-4399-11ea-abc6-0242ac110002&quot;
},
&quot;kind&quot;: &quot;Status&quot;,
&quot;metadata&quot;: {},
&quot;status&quot;: &quot;Success&quot;
},
&quot;warnings&quot;: []
},
{
&quot;changed&quot;: true,
&quot;method&quot;: &quot;delete&quot;,
&quot;result&quot;: {
&quot;apiVersion&quot;: &quot;v1&quot;,
&quot;kind&quot;: &quot;Status&quot;,
&quot;metadata&quot;: {},
&quot;status&quot;: &quot;Success&quot;
},
&quot;warnings&quot;: []
}
]
}
}</system-out>
		</testcase>
		<testcase classname="/root/ansible/ansible_collections/community/kubernetes/tests/output/.tmp/integration/kubernetes-x12ifq4y-ÅÑŚÌβŁÈ/tests/integration/targets/kubernetes/tasks/lists.yml:107" name="[testhost] testhost: kubernetes : Get the resources api_version={{ item.apiVersion }}, kind={{ item.kind }}, namespace=testing1, name={{ item.metadata.name }}" time="2.915160">
			<system-out>{
&quot;changed&quot;: false,
&quot;msg&quot;: &quot;All items completed&quot;,
&quot;results&quot;: [
{
&quot;ansible_loop_var&quot;: &quot;item&quot;,
&quot;changed&quot;: false,
&quot;failed&quot;: false,
&quot;invocation&quot;: {
&quot;module_args&quot;: {
&quot;api_key&quot;: null,
&quot;api_version&quot;: &quot;v1&quot;,
&quot;ca_cert&quot;: null,
&quot;client_cert&quot;: null,
&quot;client_key&quot;: null,
&quot;context&quot;: null,
&quot;field_selectors&quot;: [],
&quot;host&quot;: null,
&quot;kind&quot;: &quot;ConfigMap&quot;,
&quot;kubeconfig&quot;: null,
&quot;label_selectors&quot;: [],
&quot;name&quot;: &quot;list-example-4&quot;,
&quot;namespace&quot;: &quot;testing1&quot;,
&quot;password&quot;: null,
&quot;proxy&quot;: null,
&quot;username&quot;: null,
&quot;validate_certs&quot;: null
}
},
&quot;item&quot;: {
&quot;apiVersion&quot;: &quot;v1&quot;,
&quot;data&quot;: {
&quot;key&quot;: &quot;value&quot;
},
&quot;kind&quot;: &quot;ConfigMap&quot;,
&quot;metadata&quot;: {
&quot;name&quot;: &quot;list-example-4&quot;
}
},
&quot;resources&quot;: []
},
{
&quot;ansible_loop_var&quot;: &quot;item&quot;,
&quot;changed&quot;: false,
&quot;failed&quot;: false,
&quot;invocation&quot;: {
&quot;module_args&quot;: {
&quot;api_key&quot;: null,
&quot;api_version&quot;: &quot;v1&quot;,
&quot;ca_cert&quot;: null,
&quot;client_cert&quot;: null,
&quot;client_key&quot;: null,
&quot;context&quot;: null,
&quot;field_selectors&quot;: [],
&quot;host&quot;: null,
&quot;kind&quot;: &quot;Service&quot;,
&quot;kubeconfig&quot;: null,
&quot;label_selectors&quot;: [],
&quot;name&quot;: &quot;list-example-svc&quot;,
&quot;namespace&quot;: &quot;testing1&quot;,
&quot;password&quot;: null,
&quot;proxy&quot;: null,
&quot;username&quot;: null,
&quot;validate_certs&quot;: null
}
},
&quot;item&quot;: {
&quot;apiVersion&quot;: &quot;v1&quot;,
&quot;kind&quot;: &quot;Service&quot;,
&quot;metadata&quot;: {
&quot;labels&quot;: {
&quot;app&quot;: &quot;test&quot;
},
&quot;name&quot;: &quot;list-example-svc&quot;
},
&quot;spec&quot;: {
&quot;ports&quot;: [
{
&quot;name&quot;: &quot;port-8000-tcp&quot;,
&quot;port&quot;: 8000,
&quot;protocol&quot;: &quot;TCP&quot;,
&quot;targetPort&quot;: 8000
}
],
&quot;selector&quot;: {
&quot;app&quot;: &quot;test&quot;
}
}
},
&quot;resources&quot;: []
}
]
}</system-out>
		</testcase>
		<testcase classname="/root/ansible/ansible_collections/community/kubernetes/tests/output/.tmp/integration/kubernetes-x12ifq4y-ÅÑŚÌβŁÈ/tests/integration/targets/kubernetes/tasks/lists.yml:116" name="[testhost] testhost: kubernetes : The resources should not exist that=not ((list_resources.results | sum(attribute=&quot;resources&quot;, start=[])) | length)" time="0.881191">
			<system-out>{
    &quot;changed&quot;: false,
    &quot;msg&quot;: &quot;All assertions passed&quot;
}</system-out>
		</testcase>
		<testcase classname="/root/ansible/ansible_collections/community/kubernetes/tests/output/.tmp/integration/kubernetes-x12ifq4y-ÅÑŚÌβŁÈ/tests/integration/targets/kubernetes/tasks/full_test.yml:340" name="[testhost] testhost: kubernetes : include_tasks _raw_params=append_hash.yml" time="0.023413">
			<system-out>{
&quot;changed&quot;: false,
&quot;include&quot;: &quot;append_hash.yml&quot;,
&quot;include_args&quot;: {}
}</system-out>
		</testcase>
		<testcase classname="/root/ansible/ansible_collections/community/kubernetes/tests/output/.tmp/integration/kubernetes-x12ifq4y-ÅÑŚÌβŁÈ/tests/integration/targets/kubernetes/tasks/full_test.yml:340" name="[include] testhost: kubernetes : include_tasks _raw_params=append_hash.yml" time="0.068408">
			<system-out>/root/ansible/ansible_collections/community/kubernetes/tests/output/.tmp/integration/kubernetes-x12ifq4y-ÅÑŚÌβŁÈ/tests/integration/targets/kubernetes/tasks/append_hash.yml (args={} vars={}): [testhost]</system-out>
		</testcase>
		<testcase classname="/root/ansible/ansible_collections/community/kubernetes/tests/output/.tmp/integration/kubernetes-x12ifq4y-ÅÑŚÌβŁÈ/tests/integration/targets/kubernetes/tasks/append_hash.yml:2" name="[testhost] testhost: kubernetes : Ensure that append_hash namespace exists kind=Namespace, name=append-hash" time="1.793594">
			<system-out>{
&quot;changed&quot;: true,
&quot;method&quot;: &quot;create&quot;,
&quot;result&quot;: {
&quot;apiVersion&quot;: &quot;v1&quot;,
&quot;kind&quot;: &quot;Namespace&quot;,
&quot;metadata&quot;: {
&quot;creationTimestamp&quot;: &quot;2020-01-30T19:47:01Z&quot;,
&quot;name&quot;: &quot;append-hash&quot;,
&quot;resourceVersion&quot;: &quot;1929&quot;,
&quot;selfLink&quot;: &quot;/api/v1/namespaces/append-hash&quot;,
&quot;uid&quot;: &quot;484a0d69-4399-11ea-abc6-0242ac110002&quot;
},
&quot;spec&quot;: {
&quot;finalizers&quot;: [
&quot;kubernetes&quot;
]
},
&quot;status&quot;: {
&quot;phase&quot;: &quot;Active&quot;
}
}
}</system-out>
		</testcase>
		<testcase classname="/root/ansible/ansible_collections/community/kubernetes/tests/output/.tmp/integration/kubernetes-x12ifq4y-ÅÑŚÌβŁÈ/tests/integration/targets/kubernetes/tasks/append_hash.yml:7" name="[testhost] testhost: kubernetes : create k8s_resource variable k8s_resource={'metadata': {'name': 'config-map-test', 'namespace': 'append-hash'}, 'apiVersion': 'v1', 'kind': 'ConfigMap', 'data': {'hello': 'world'}}" time="0.047581">
			<system-out>{
&quot;ansible_facts&quot;: {
&quot;k8s_resource&quot;: {
&quot;apiVersion&quot;: &quot;v1&quot;,
&quot;data&quot;: {
&quot;hello&quot;: &quot;world&quot;
},
&quot;kind&quot;: &quot;ConfigMap&quot;,
&quot;metadata&quot;: {
&quot;name&quot;: &quot;config-map-test&quot;,
&quot;namespace&quot;: &quot;append-hash&quot;
}
}
},
&quot;changed&quot;: false
}</system-out>
		</testcase>
		<testcase classname="/root/ansible/ansible_collections/community/kubernetes/tests/output/.tmp/integration/kubernetes-x12ifq4y-ÅÑŚÌβŁÈ/tests/integration/targets/kubernetes/tasks/append_hash.yml:18" name="[testhost] testhost: kubernetes : Create config map definition={{ k8s_resource }}, append_hash=True" time="1.812948">
			<system-out>{
&quot;changed&quot;: true,
&quot;method&quot;: &quot;create&quot;,
&quot;result&quot;: {
&quot;apiVersion&quot;: &quot;v1&quot;,
&quot;data&quot;: {
&quot;hello&quot;: &quot;world&quot;
},
&quot;kind&quot;: &quot;ConfigMap&quot;,
&quot;metadata&quot;: {
&quot;creationTimestamp&quot;: &quot;2020-01-30T19:47:03Z&quot;,
&quot;name&quot;: &quot;config-map-test-5khcd6g5kk&quot;,
&quot;namespace&quot;: &quot;append-hash&quot;,
&quot;resourceVersion&quot;: &quot;1962&quot;,
&quot;selfLink&quot;: &quot;/api/v1/namespaces/append-hash/configmaps/config-map-test-5khcd6g5kk&quot;,
&quot;uid&quot;: &quot;497bcd9d-4399-11ea-abc6-0242ac110002&quot;
}
}
}</system-out>
		</testcase>
		<testcase classname="/root/ansible/ansible_collections/community/kubernetes/tests/output/.tmp/integration/kubernetes-x12ifq4y-ÅÑŚÌβŁÈ/tests/integration/targets/kubernetes/tasks/append_hash.yml:24" name="[testhost] testhost: kubernetes : check configmap is created with a hash that=['k8s_configmap1 is changed', &quot;k8s_configmap1.result.metadata.name != 'config-map-test'&quot;, &quot;k8s_configmap1.result.metadata.name[:-10] == 'config-map-test-'&quot;]" time="0.863668">
			<system-out>{
    &quot;changed&quot;: false,
    &quot;msg&quot;: &quot;All assertions passed&quot;
}</system-out>
		</testcase>
		<testcase classname="/root/ansible/ansible_collections/community/kubernetes/tests/output/.tmp/integration/kubernetes-x12ifq4y-ÅÑŚÌβŁÈ/tests/integration/targets/kubernetes/tasks/append_hash.yml:31" name="[testhost] testhost: kubernetes : recreate same config map definition={{ k8s_resource }}, append_hash=True" time="2.078637">
			<system-out>{
&quot;changed&quot;: false,
&quot;method&quot;: &quot;patch&quot;,
&quot;result&quot;: {
&quot;apiVersion&quot;: &quot;v1&quot;,
&quot;data&quot;: {
&quot;hello&quot;: &quot;world&quot;
},
&quot;kind&quot;: &quot;ConfigMap&quot;,
&quot;metadata&quot;: {
&quot;creationTimestamp&quot;: &quot;2020-01-30T19:47:03Z&quot;,
&quot;name&quot;: &quot;config-map-test-5khcd6g5kk&quot;,
&quot;namespace&quot;: &quot;append-hash&quot;,
&quot;resourceVersion&quot;: &quot;1962&quot;,
&quot;selfLink&quot;: &quot;/api/v1/namespaces/append-hash/configmaps/config-map-test-5khcd6g5kk&quot;,
&quot;uid&quot;: &quot;497bcd9d-4399-11ea-abc6-0242ac110002&quot;
}
}
}</system-out>
		</testcase>
		<testcase classname="/root/ansible/ansible_collections/community/kubernetes/tests/output/.tmp/integration/kubernetes-x12ifq4y-ÅÑŚÌβŁÈ/tests/integration/targets/kubernetes/tasks/append_hash.yml:37" name="[testhost] testhost: kubernetes : check configmaps are different that=['k8s_configmap2 is not changed', 'k8s_configmap1.result.metadata.name == k8s_configmap2.result.metadata.name']" time="0.805709">
			<system-out>{
    &quot;changed&quot;: false,
    &quot;msg&quot;: &quot;All assertions passed&quot;
}</system-out>
		</testcase>
		<testcase classname="/root/ansible/ansible_collections/community/kubernetes/tests/output/.tmp/integration/kubernetes-x12ifq4y-ÅÑŚÌβŁÈ/tests/integration/targets/kubernetes/tasks/append_hash.yml:43" name="[testhost] testhost: kubernetes : add key to config map definition={'metadata': {'name': 'config-map-test', 'namespace': 'append-hash'}, 'apiVersion': 'v1', 'kind': 'ConfigMap', 'data': {'hello': 'world', 'another': 'value'}}, append_hash=True" time="1.923302">
			<system-out>{
&quot;changed&quot;: true,
&quot;method&quot;: &quot;create&quot;,
&quot;result&quot;: {
&quot;apiVersion&quot;: &quot;v1&quot;,
&quot;data&quot;: {
&quot;another&quot;: &quot;value&quot;,
&quot;hello&quot;: &quot;world&quot;
},
&quot;kind&quot;: &quot;ConfigMap&quot;,
&quot;metadata&quot;: {
&quot;creationTimestamp&quot;: &quot;2020-01-30T19:47:08Z&quot;,
&quot;name&quot;: &quot;config-map-test-25mggh69bh&quot;,
&quot;namespace&quot;: &quot;append-hash&quot;,
&quot;resourceVersion&quot;: &quot;1971&quot;,
&quot;selfLink&quot;: &quot;/api/v1/namespaces/append-hash/configmaps/config-map-test-25mggh69bh&quot;,
&quot;uid&quot;: &quot;4d017708-4399-11ea-abc6-0242ac110002&quot;
}
}
}</system-out>
		</testcase>
		<testcase classname="/root/ansible/ansible_collections/community/kubernetes/tests/output/.tmp/integration/kubernetes-x12ifq4y-ÅÑŚÌβŁÈ/tests/integration/targets/kubernetes/tasks/append_hash.yml:57" name="[testhost] testhost: kubernetes : check configmaps are different that=['k8s_configmap3 is changed', 'k8s_configmap1.result.metadata.name != k8s_configmap3.result.metadata.name']" time="0.801880">
			<system-out>{
    &quot;changed&quot;: false,
    &quot;msg&quot;: &quot;All assertions passed&quot;
}</system-out>
		</testcase>
		<testcase classname="/root/ansible/ansible_collections/community/kubernetes/tests/output/.tmp/integration/kubernetes-x12ifq4y-ÅÑŚÌβŁÈ/tests/integration/targets/kubernetes/tasks/append_hash.yml:64" name="[testhost] testhost: kubernetes : ensure that namespace is removed kind=Namespace, name=append-hash, state=absent" time="1.624446">
			<system-out>{
&quot;changed&quot;: true,
&quot;method&quot;: &quot;delete&quot;,
&quot;result&quot;: {
&quot;apiVersion&quot;: &quot;v1&quot;,
&quot;kind&quot;: &quot;Namespace&quot;,
&quot;metadata&quot;: {
&quot;annotations&quot;: {
&quot;openshift.io/sa.scc.mcs&quot;: &quot;s0:c13,c2&quot;,
&quot;openshift.io/sa.scc.supplemental-groups&quot;: &quot;1000160000/10000&quot;,
&quot;openshift.io/sa.scc.uid-range&quot;: &quot;1000160000/10000&quot;
},
&quot;creationTimestamp&quot;: &quot;2020-01-30T19:47:01Z&quot;,
&quot;deletionTimestamp&quot;: &quot;2020-01-30T19:47:11Z&quot;,
&quot;name&quot;: &quot;append-hash&quot;,
&quot;resourceVersion&quot;: &quot;1974&quot;,
&quot;selfLink&quot;: &quot;/api/v1/namespaces/append-hash&quot;,
&quot;uid&quot;: &quot;484a0d69-4399-11ea-abc6-0242ac110002&quot;
},
&quot;spec&quot;: {
&quot;finalizers&quot;: [
&quot;kubernetes&quot;
]
},
&quot;status&quot;: {
&quot;phase&quot;: &quot;Terminating&quot;
}
}
}</system-out>
		</testcase>
		<testcase classname="/root/ansible/ansible_collections/community/kubernetes/tests/output/.tmp/integration/kubernetes-x12ifq4y-ÅÑŚÌβŁÈ/tests/integration/targets/kubernetes/tasks/full_test.yml:343" name="[testhost] testhost: kubernetes : Delete all namespaces state=absent, definition=[{'kind': 'Namespace', 'apiVersion': 'v1', 'metadata': {'name': 'testing'}}, {'kind': 'Namespace', 'apiVersion': 'v1', 'metadata': {'name': 'testing1'}}, {'kind': 'Namespace', 'apiVersion': 'v1', 'metadata': {'name': 'testing2'}}, {'kind': 'Namespace', 'apiVersion': 'v1', 'metadata': {'name': 'testing3'}}, {'kind': 'Namespace', 'apiVersion': 'v1', 'metadata': {'name': 'testing4'}}, {'kind': 'Namespace', 'apiVersion': 'v1', 'metadata': {'name': 'testing5'}}, {'kind': 'Namespace', 'apiVersion': 'v1', 'metadata': {'name': 'testing6'}}]" time="1.837793">
			<system-out>{
&quot;changed&quot;: true,
&quot;result&quot;: {
&quot;results&quot;: [
{
&quot;changed&quot;: true,
&quot;method&quot;: &quot;delete&quot;,
&quot;result&quot;: {
&quot;apiVersion&quot;: &quot;v1&quot;,
&quot;kind&quot;: &quot;Namespace&quot;,
&quot;metadata&quot;: {
&quot;annotations&quot;: {
&quot;openshift.io/display-name&quot;: &quot;&quot;,
&quot;openshift.io/sa.scc.mcs&quot;: &quot;s0:c9,c4&quot;,
&quot;openshift.io/sa.scc.supplemental-groups&quot;: &quot;1000080000/10000&quot;,
&quot;openshift.io/sa.scc.uid-range&quot;: &quot;1000080000/10000&quot;
},
&quot;creationTimestamp&quot;: &quot;2020-01-30T19:44:58Z&quot;,
&quot;deletionTimestamp&quot;: &quot;2020-01-30T19:47:13Z&quot;,
&quot;name&quot;: &quot;testing&quot;,
&quot;resourceVersion&quot;: &quot;1978&quot;,
&quot;selfLink&quot;: &quot;/api/v1/namespaces/testing&quot;,
&quot;uid&quot;: &quot;ff662088-4398-11ea-abc6-0242ac110002&quot;
},
&quot;spec&quot;: {
&quot;finalizers&quot;: [
&quot;kubernetes&quot;,
&quot;openshift.io/origin&quot;
]
},
&quot;status&quot;: {
&quot;phase&quot;: &quot;Terminating&quot;
}
},
&quot;warnings&quot;: []
},
{
&quot;changed&quot;: true,
&quot;method&quot;: &quot;delete&quot;,
&quot;result&quot;: {
&quot;apiVersion&quot;: &quot;v1&quot;,
&quot;kind&quot;: &quot;Namespace&quot;,
&quot;metadata&quot;: {
&quot;annotations&quot;: {
&quot;openshift.io/sa.scc.mcs&quot;: &quot;s0:c10,c0&quot;,
&quot;openshift.io/sa.scc.supplemental-groups&quot;: &quot;1000090000/10000&quot;,
&quot;openshift.io/sa.scc.uid-range&quot;: &quot;1000090000/10000&quot;
},
&quot;creationTimestamp&quot;: &quot;2020-01-30T19:45:47Z&quot;,
&quot;deletionTimestamp&quot;: &quot;2020-01-30T19:47:13Z&quot;,
&quot;name&quot;: &quot;testing1&quot;,
&quot;resourceVersion&quot;: &quot;1980&quot;,
&quot;selfLink&quot;: &quot;/api/v1/namespaces/testing1&quot;,
&quot;uid&quot;: &quot;1cbdc7ee-4399-11ea-abc6-0242ac110002&quot;
},
&quot;spec&quot;: {
&quot;finalizers&quot;: [
&quot;kubernetes&quot;
]
},
&quot;status&quot;: {
&quot;phase&quot;: &quot;Terminating&quot;
}
},
&quot;warnings&quot;: []
},
{
&quot;changed&quot;: false,
&quot;method&quot;: &quot;delete&quot;,
&quot;result&quot;: {},
&quot;warnings&quot;: []
},
{
&quot;changed&quot;: false,
&quot;method&quot;: &quot;delete&quot;,
&quot;result&quot;: {},
&quot;warnings&quot;: []
},
{
&quot;changed&quot;: false,
&quot;method&quot;: &quot;delete&quot;,
&quot;result&quot;: {},
&quot;warnings&quot;: []
},
{
&quot;changed&quot;: false,
&quot;method&quot;: &quot;delete&quot;,
&quot;result&quot;: {},
&quot;warnings&quot;: []
},
{
&quot;changed&quot;: true,
&quot;method&quot;: &quot;delete&quot;,
&quot;result&quot;: {
&quot;apiVersion&quot;: &quot;v1&quot;,
&quot;kind&quot;: &quot;Namespace&quot;,
&quot;metadata&quot;: {
&quot;annotations&quot;: {
&quot;openshift.io/sa.scc.mcs&quot;: &quot;s0:c12,c4&quot;,
&quot;openshift.io/sa.scc.supplemental-groups&quot;: &quot;1000140000/10000&quot;,
&quot;openshift.io/sa.scc.uid-range&quot;: &quot;1000140000/10000&quot;
},
&quot;creationTimestamp&quot;: &quot;2020-01-30T19:46:15Z&quot;,
&quot;deletionTimestamp&quot;: &quot;2020-01-30T19:47:13Z&quot;,
&quot;name&quot;: &quot;testing6&quot;,
&quot;resourceVersion&quot;: &quot;1981&quot;,
&quot;selfLink&quot;: &quot;/api/v1/namespaces/testing6&quot;,
&quot;uid&quot;: &quot;2d5d11a0-4399-11ea-abc6-0242ac110002&quot;
},
&quot;spec&quot;: {
&quot;finalizers&quot;: [
&quot;kubernetes&quot;
]
},
&quot;status&quot;: {
&quot;phase&quot;: &quot;Terminating&quot;
}
},
&quot;warnings&quot;: []
}
]
}
}</system-out>
		</testcase>
		<testcase classname="/root/ansible/ansible_collections/community/kubernetes/tests/output/.tmp/integration/kubernetes-x12ifq4y-ÅÑŚÌβŁÈ/tests/integration/targets/kubernetes/tasks/main.yml:91" name="[testhost] testhost: kubernetes : file" time="1.488990">
			<system-out>{
&quot;censored&quot;: &quot;the output has been hidden due to the fact that 'no_log: true' was specified for this result&quot;,
&quot;changed&quot;: true
}</system-out>
		</testcase>
		<testcase classname="/root/ansible/ansible_collections/community/kubernetes/tests/output/.tmp/integration/kubernetes-x12ifq4y-ÅÑŚÌβŁÈ/tests/integration/targets/kubernetes/handlers/main.yml:1" name="[testhost] testhost: kubernetes : delete temporary directory" time="1.233106">
			<system-out>{
&quot;censored&quot;: &quot;the output has been hidden due to the fact that 'no_log: true' was specified for this result&quot;,
&quot;changed&quot;: true
}</system-out>
		</testcase>
	</testsuite>
</testsuites>
